Using pre-set license
Built from '2020.3/staging' branch; Version is '2020.3.29f1 (2ff179115da0) revision 3142009'; Using compiler version '192528614'; Build Type 'Release'
OS: 'Windows 11  (10.0.22000) 64bit Core' Language: 'en' Physical Memory: 16239 MB
BatchMode: 1, IsHumanControllingUs: 0, StartBugReporterOnCrash: 0, Is64bit: 1, IsPro: 0

COMMAND LINE ARGUMENTS:
C:\Program Files\Unity\Hub\Editor\2020.3.29f1\Editor\Unity.exe
-adb2
-batchMode
-noUpm
-name
AssetImportWorker0
-projectPath
C:/Users/13475/My project
-logFile
Logs/AssetImportWorker0.log
-srvPort
63004
Successfully changed project path to: C:/Users/13475/My project
C:/Users/13475/My project
Using Asset Import Pipeline V2.
Refreshing native plugins compatible for Editor in 35.74 ms, found 2 plugins.
Preloading 0 native plugins for Editor in 0.00 ms.
Initialize engine version: 2020.3.29f1 (2ff179115da0)
[Subsystems] Discovering subsystems at path C:/Program Files/Unity/Hub/Editor/2020.3.29f1/Editor/Data/Resources/UnitySubsystems
[Subsystems] Discovering subsystems at path C:/Users/13475/My project/Assets
GfxDevice: creating device client; threaded=0
Direct3D:
    Version:  Direct3D 11.0 [level 11.1]
    Renderer: NVIDIA GeForce GTX 1660 Ti (ID=0x2191)
    Vendor:   
    VRAM:     5991 MB
    Driver:   27.21.14.6242
Initialize mono
Mono path[0] = 'C:/Program Files/Unity/Hub/Editor/2020.3.29f1/Editor/Data/Managed'
Mono path[1] = 'C:/Program Files/Unity/Hub/Editor/2020.3.29f1/Editor/Data/MonoBleedingEdge/lib/mono/unityjit'
Mono config path = 'C:/Program Files/Unity/Hub/Editor/2020.3.29f1/Editor/Data/MonoBleedingEdge/etc'
Using monoOptions --debugger-agent=transport=dt_socket,embedding=1,server=y,suspend=n,address=127.0.0.1:56404
Begin MonoManager ReloadAssembly
Registering precompiled unity dll's ...
Register platform support module: C:/Program Files/Unity/Hub/Editor/2020.3.29f1/Editor/Data/PlaybackEngines/WebGLSupport/UnityEditor.WebGL.Extensions.dll
Register platform support module: C:/Program Files/Unity/Hub/Editor/2020.3.29f1/Editor/Data/PlaybackEngines/WindowsStandaloneSupport/UnityEditor.WindowsStandalone.Extensions.dll
Registered in 0.001702 seconds.
Native extension for WindowsStandalone target not found
Native extension for WebGL target not found
Refreshing native plugins compatible for Editor in 40.33 ms, found 2 plugins.
Preloading 0 native plugins for Editor in 0.00 ms.
Mono: successfully reloaded assembly
- Completed reload, in  0.541 seconds
Domain Reload Profiling:
	ReloadAssembly (542ms)
		BeginReloadAssembly (57ms)
			ExecutionOrderSort (0ms)
			DisableScriptedObjects (0ms)
			BackupInstance (0ms)
			ReleaseScriptingObjects (0ms)
			CreateAndSetChildDomain (1ms)
		EndReloadAssembly (418ms)
			LoadAssemblies (56ms)
			RebuildTransferFunctionScriptingTraits (0ms)
			SetupTypeCache (141ms)
			ReleaseScriptCaches (0ms)
			RebuildScriptCaches (30ms)
			SetupLoadedEditorAssemblies (158ms)
				LogAssemblyErrors (0ms)
				InitializePlatformSupportModulesInManaged (5ms)
				SetLoadedEditorAssemblies (0ms)
				RefreshPlugins (40ms)
				BeforeProcessingInitializeOnLoad (8ms)
				ProcessInitializeOnLoadAttributes (78ms)
				ProcessInitializeOnLoadMethodAttributes (25ms)
				AfterProcessingInitializeOnLoad (0ms)
				EditorAssembliesLoaded (0ms)
			ExecutionOrderSort2 (0ms)
			AwakeInstancesAfterBackupRestoration (0ms)
Platform modules already initialized, skipping
Registering precompiled user dll's ...
Registered in 0.002801 seconds.
Begin MonoManager ReloadAssembly
Native extension for WindowsStandalone target not found
Native extension for WebGL target not found
Refreshing native plugins compatible for Editor in 0.38 ms, found 2 plugins.
Preloading 0 native plugins for Editor in 0.00 ms.
Mono: successfully reloaded assembly
- Completed reload, in  0.909 seconds
Domain Reload Profiling:
	ReloadAssembly (910ms)
		BeginReloadAssembly (143ms)
			ExecutionOrderSort (0ms)
			DisableScriptedObjects (4ms)
			BackupInstance (0ms)
			ReleaseScriptingObjects (0ms)
			CreateAndSetChildDomain (20ms)
		EndReloadAssembly (712ms)
			LoadAssemblies (83ms)
			RebuildTransferFunctionScriptingTraits (0ms)
			SetupTypeCache (244ms)
			ReleaseScriptCaches (0ms)
			RebuildScriptCaches (42ms)
			SetupLoadedEditorAssemblies (265ms)
				LogAssemblyErrors (0ms)
				InitializePlatformSupportModulesInManaged (5ms)
				SetLoadedEditorAssemblies (0ms)
				RefreshPlugins (0ms)
				BeforeProcessingInitializeOnLoad (59ms)
				ProcessInitializeOnLoadAttributes (188ms)
				ProcessInitializeOnLoadMethodAttributes (8ms)
				AfterProcessingInitializeOnLoad (5ms)
				EditorAssembliesLoaded (0ms)
			ExecutionOrderSort2 (0ms)
			AwakeInstancesAfterBackupRestoration (6ms)
Platform modules already initialized, skipping
========================================================================
Worker process is ready to serve import requests
Launched and connected shader compiler UnityShaderCompiler.exe after 0.06 seconds
Refreshing native plugins compatible for Editor in 0.83 ms, found 2 plugins.
Preloading 0 native plugins for Editor in 0.00 ms.
Unloading 1632 Unused Serialized files (Serialized files now loaded: 0)
System memory in use before: 80.7 MB.
System memory in use after: 80.4 MB.

Unloading 18 unused Assets to reduce memory usage. Loaded Objects now: 2071.
Total: 4.828500 ms (FindLiveObjects: 0.206300 ms CreateObjectMapping: 0.097300 ms MarkObjects: 4.100300 ms  DeleteObjects: 0.423300 ms)

AssetImportParameters requested are different than current active one (requested -> active):
  custom:framework-win-MediaFoundation: 216162199b28c13a410421893ffa2e32 -> 
  custom:video-decoder-ogg-theora: a1e56fd34408186e4bbccfd4996cb3dc -> 
  custom:container-muxer-webm: aa71ff27fc2769a1b78a27578f13a17b -> 
  custom:container-demuxer-webm: 4f35f7cbe854078d1ac9338744f61a02 -> 
  custom:container-demuxer-ogg: 62fdf1f143b41e24485cea50d1cbac27 -> 
  custom:video-encoder-webm-vp8: eb34c28f22e8b96e1ab97ce403110664 -> 
  custom:video-decoder-webm-vp8: 9c59270c3fd7afecdb556c50c9e8de78 -> 
  custom:audio-decoder-ogg-vorbis: bf7c407c2cedff20999df2af8eb42d56 -> 
  custom:audio-encoder-webm-vorbis: bf7c407c2cedff20999df2af8eb42d56 -> 
========================================================================
Received Import Request.
  path: Assets/HurlyBurly/FREE_LowPoly_SubwayEntrance/Models/Collisions/FREE_SW_ENV_StreetEntrance_01_Collision.fbx
  artifactKey: Guid(92fd588471ef142cbb7a43adc926d887) Importer(815301076,1909f56bfc062723c751e8b465ee728b)
Start importing Assets/HurlyBurly/FREE_LowPoly_SubwayEntrance/Models/Collisions/FREE_SW_ENV_StreetEntrance_01_Collision.fbx using Guid(92fd588471ef142cbb7a43adc926d887) Importer(815301076,1909f56bfc062723c751e8b465ee728b)  -> (artifact id: '00921ad194df51b947263f6eb74f715e') in 0.156063 seconds 
  Import took 0.159541 seconds .

========================================================================
Received Import Request.
  Time since last request: 0.000297 seconds.
  path: Assets/HurlyBurly/FREE_LowPoly_SubwayEntrance/Models/Collisions/FREE_SW_ENV_StreetEntrance_FreeJunction_Collision.fbx
  artifactKey: Guid(0a5cb07cffa214461a0ffb2a2c8028ce) Importer(815301076,1909f56bfc062723c751e8b465ee728b)
Start importing Assets/HurlyBurly/FREE_LowPoly_SubwayEntrance/Models/Collisions/FREE_SW_ENV_StreetEntrance_FreeJunction_Collision.fbx using Guid(0a5cb07cffa214461a0ffb2a2c8028ce) Importer(815301076,1909f56bfc062723c751e8b465ee728b)  -> (artifact id: 'f67c90afcbc2c9390da3084e5871d7cb') in 0.025774 seconds 
  Import took 0.028077 seconds .

========================================================================
Received Import Request.
  Time since last request: 0.000285 seconds.
  path: Assets/HurlyBurly/FREE_LowPoly_SubwayEntrance/Models/Collisions/FREE_SW_ENV_StreetEntrance_01_Lower_Collision.fbx
  artifactKey: Guid(e1d8b86095cf14d5f8a1393789b3c1ee) Importer(815301076,1909f56bfc062723c751e8b465ee728b)
Start importing Assets/HurlyBurly/FREE_LowPoly_SubwayEntrance/Models/Collisions/FREE_SW_ENV_StreetEntrance_01_Lower_Collision.fbx using Guid(e1d8b86095cf14d5f8a1393789b3c1ee) Importer(815301076,1909f56bfc062723c751e8b465ee728b)  -> (artifact id: '953b1ebbcfa089a20e92ea4a8f2855f4') in 0.027435 seconds 
  Import took 0.030213 seconds .

========================================================================
Received Import Request.
  Time since last request: 329.000089 seconds.
  path: Assets/HurlyBurly/FREE_LowPoly_SubwayEntrance/Prefabs
  artifactKey: Guid(ff0997a24cf6945bda32d48c56cb9773) Importer(815301076,1909f56bfc062723c751e8b465ee728b)
Start importing Assets/HurlyBurly/FREE_LowPoly_SubwayEntrance/Prefabs using Guid(ff0997a24cf6945bda32d48c56cb9773) Importer(815301076,1909f56bfc062723c751e8b465ee728b)  -> (artifact id: 'd28f36abc4634601719e98fc604d436e') in 0.009918 seconds 
  Import took 0.012721 seconds .

========================================================================
Received Import Request.
  Time since last request: 2.425512 seconds.
  path: Assets/HurlyBurly/FREE_LowPoly_SubwayEntrance/Textures/FREE_SW_Entrance_emissive.png
  artifactKey: Guid(cd289c99f4ecb43c8a07a00720c0e50a) Importer(815301076,1909f56bfc062723c751e8b465ee728b)
Start importing Assets/HurlyBurly/FREE_LowPoly_SubwayEntrance/Textures/FREE_SW_Entrance_emissive.png using Guid(cd289c99f4ecb43c8a07a00720c0e50a) Importer(815301076,1909f56bfc062723c751e8b465ee728b)  -> (artifact id: '722be1010caf7795cc809d1f9cc7f921') in 0.109178 seconds 
  Import took 0.112133 seconds .

========================================================================
Received Import Request.
  Time since last request: 0.000283 seconds.
  path: Assets/HurlyBurly/FREE_LowPoly_SubwayEntrance/Textures/FREE_SW_Entrance_metal2048.png
  artifactKey: Guid(3049b41846b8740d9adb1bb1a5b41975) Importer(815301076,1909f56bfc062723c751e8b465ee728b)
Start importing Assets/HurlyBurly/FREE_LowPoly_SubwayEntrance/Textures/FREE_SW_Entrance_metal2048.png using Guid(3049b41846b8740d9adb1bb1a5b41975) Importer(815301076,1909f56bfc062723c751e8b465ee728b)  -> (artifact id: '54a60938fad796044d66d4a76e8ee97a') in 0.022322 seconds 
  Import took 0.026224 seconds .

========================================================================
Received Import Request.
  Time since last request: 0.000237 seconds.
  path: Assets/HurlyBurly/FREE_LowPoly_SubwayEntrance/Textures/FREE_SW_Entrance_normal.png
  artifactKey: Guid(fdbf8608114db442fb137286676a93b2) Importer(815301076,1909f56bfc062723c751e8b465ee728b)
Start importing Assets/HurlyBurly/FREE_LowPoly_SubwayEntrance/Textures/FREE_SW_Entrance_normal.png using Guid(fdbf8608114db442fb137286676a93b2) Importer(815301076,1909f56bfc062723c751e8b465ee728b)  -> (artifact id: '090a4d7333534bc6b4c6f899a85175a2') in 0.025614 seconds 
  Import took 0.029155 seconds .

========================================================================
Received Import Request.
  Time since last request: 0.000186 seconds.
  path: Assets/HurlyBurly/FREE_LowPoly_SubwayEntrance/Textures/FREE_SW_Entrance_TextureBase2048.png
  artifactKey: Guid(ba10bb19926424b558b52a80fdd9a483) Importer(815301076,1909f56bfc062723c751e8b465ee728b)
Start importing Assets/HurlyBurly/FREE_LowPoly_SubwayEntrance/Textures/FREE_SW_Entrance_TextureBase2048.png using Guid(ba10bb19926424b558b52a80fdd9a483) Importer(815301076,1909f56bfc062723c751e8b465ee728b)  -> (artifact id: '43479d471d7ee9f558bee608bc5bdd3e') in 0.018012 seconds 
  Import took 0.020952 seconds .

========================================================================
Received Import Request.
  Time since last request: 4.756432 seconds.
  path: Assets/HurlyBurly/FREE_LowPoly_SubwayEntrance/Models/Collisions
  artifactKey: Guid(2c646da4fbfda48d2babda831d6bbe1c) Importer(815301076,1909f56bfc062723c751e8b465ee728b)
Start importing Assets/HurlyBurly/FREE_LowPoly_SubwayEntrance/Models/Collisions using Guid(2c646da4fbfda48d2babda831d6bbe1c) Importer(815301076,1909f56bfc062723c751e8b465ee728b)  -> (artifact id: 'c7857b8c589b47edd631cfebf8258a25') in 0.011130 seconds 
  Import took 0.014204 seconds .

========================================================================
Received Import Request.
  Time since last request: 6387.454473 seconds.
  path: Assets/Standard Assets
  artifactKey: Guid(c6195a43a0187a34e9c6be23520d3766) Importer(815301076,1909f56bfc062723c751e8b465ee728b)
Start importing Assets/Standard Assets using Guid(c6195a43a0187a34e9c6be23520d3766) Importer(815301076,1909f56bfc062723c751e8b465ee728b)  -> (artifact id: '3dde5de66680e5b3784f3a17ea7ab6c4') in 0.012018 seconds 
  Import took 0.040273 seconds .

========================================================================
Received Import Request.
  Time since last request: 4281.344603 seconds.
  path: Assets/Cyberpunk Material Pack/Textures
  artifactKey: Guid(891d1d8672daed647aad85fe928e0e05) Importer(815301076,1909f56bfc062723c751e8b465ee728b)
Start importing Assets/Cyberpunk Material Pack/Textures using Guid(891d1d8672daed647aad85fe928e0e05) Importer(815301076,1909f56bfc062723c751e8b465ee728b)  -> (artifact id: '1815a5224ed6cf30e27b2b3af70ae09d') in 0.010035 seconds 
  Import took 0.048715 seconds .

========================================================================
Received Import Request.
  Time since last request: 1.320384 seconds.
  path: Assets/Cyberpunk Material Pack/Textures/cyberpunk_1
  artifactKey: Guid(5e85cbfae8182d7498285c7d63b6e90e) Importer(815301076,1909f56bfc062723c751e8b465ee728b)
Start importing Assets/Cyberpunk Material Pack/Textures/cyberpunk_1 using Guid(5e85cbfae8182d7498285c7d63b6e90e) Importer(815301076,1909f56bfc062723c751e8b465ee728b)  -> (artifact id: '2c6155ce6dfdd67188ed3b584472cdd5') in 0.011024 seconds 
  Import took 0.015434 seconds .

========================================================================
Received Import Request.
  Time since last request: 0.056065 seconds.
  path: Assets/Cyberpunk Material Pack/Textures/cyberpunk_1/6x6_tex_BaseMap.png
  artifactKey: Guid(8d00cc0f501f81a449e2d60bf127b89a) Importer(815301076,1909f56bfc062723c751e8b465ee728b)
Start importing Assets/Cyberpunk Material Pack/Textures/cyberpunk_1/6x6_tex_BaseMap.png using Guid(8d00cc0f501f81a449e2d60bf127b89a) Importer(815301076,1909f56bfc062723c751e8b465ee728b)  -> (artifact id: 'e6f9a1a9f69267c24135f3a8aa76e1bf') in 0.049107 seconds 
  Import took 0.051611 seconds .

========================================================================
Received Import Request.
  Time since last request: 0.000207 seconds.
  path: Assets/Cyberpunk Material Pack/Textures/cyberpunk_1/6x6_tex_Normal.png
  artifactKey: Guid(76624a06bf990f148ad72cb1601620b1) Importer(815301076,1909f56bfc062723c751e8b465ee728b)
Start importing Assets/Cyberpunk Material Pack/Textures/cyberpunk_1/6x6_tex_Normal.png using Guid(76624a06bf990f148ad72cb1601620b1) Importer(815301076,1909f56bfc062723c751e8b465ee728b)  -> (artifact id: 'adc10b2b9c91a39691d6308540aa6bf5') in 0.019220 seconds 
  Import took 0.021434 seconds .

========================================================================
Received Import Request.
  Time since last request: 0.000227 seconds.
  path: Assets/Cyberpunk Material Pack/Textures/cyberpunk_1/6x6_tex_MaskMap.png
  artifactKey: Guid(3fbaaf265fd5d404ea84efb21cd1f9e8) Importer(815301076,1909f56bfc062723c751e8b465ee728b)
Start importing Assets/Cyberpunk Material Pack/Textures/cyberpunk_1/6x6_tex_MaskMap.png using Guid(3fbaaf265fd5d404ea84efb21cd1f9e8) Importer(815301076,1909f56bfc062723c751e8b465ee728b)  -> (artifact id: '559038dd3f4efbcfc35c607ebb8057e6') in 0.014461 seconds 
  Import took 0.016642 seconds .

========================================================================
Received Import Request.
  Time since last request: 7.917455 seconds.
  path: Assets/Cyberpunk Material Pack/Textures/cyberpunk_1/Materials
  artifactKey: Guid(0ec90897678a12949ae20d62ac3b5f3d) Importer(815301076,1909f56bfc062723c751e8b465ee728b)
Start importing Assets/Cyberpunk Material Pack/Textures/cyberpunk_1/Materials using Guid(0ec90897678a12949ae20d62ac3b5f3d) Importer(815301076,1909f56bfc062723c751e8b465ee728b)  -> (artifact id: 'b6f8f29846f955c926ff50c8b2eb9fbd') in 0.016213 seconds 
  Import took 0.019870 seconds .

========================================================================
Received Import Request.
  Time since last request: 0.068512 seconds.
  path: Assets/Cyberpunk Material Pack/Textures/cyberpunk_1/Materials/6x6_tex_MaskMap.mat
  artifactKey: Guid(fd61ec9fad64d0a428d5bc067b2f0c57) Importer(815301076,1909f56bfc062723c751e8b465ee728b)
Start importing Assets/Cyberpunk Material Pack/Textures/cyberpunk_1/Materials/6x6_tex_MaskMap.mat using Guid(fd61ec9fad64d0a428d5bc067b2f0c57) Importer(815301076,1909f56bfc062723c751e8b465ee728b)  -> (artifact id: '58cea5cb11d99c5f656dee0a422ec7a9') in 0.100506 seconds 
  Import took 0.103512 seconds .

========================================================================
Received Import Request.
  Time since last request: 8.382272 seconds.
  path: Assets/Cyberpunk Material Pack/Textures/cyberpunk_2
  artifactKey: Guid(906f1da572fd54847a6897e0f3799084) Importer(815301076,1909f56bfc062723c751e8b465ee728b)
Start importing Assets/Cyberpunk Material Pack/Textures/cyberpunk_2 using Guid(906f1da572fd54847a6897e0f3799084) Importer(815301076,1909f56bfc062723c751e8b465ee728b)  -> (artifact id: '89d07ebf0b41f6c8e412ba35c65162e5') in 0.009882 seconds 
  Import took 0.013852 seconds .

========================================================================
Received Import Request.
  Time since last request: 0.035101 seconds.
  path: Assets/Cyberpunk Material Pack/Textures/cyberpunk_2/6x6_tex_BaseMap.png
  artifactKey: Guid(5a995bfad80d38a4fb32fa5e4ee11c43) Importer(815301076,1909f56bfc062723c751e8b465ee728b)
Start importing Assets/Cyberpunk Material Pack/Textures/cyberpunk_2/6x6_tex_BaseMap.png using Guid(5a995bfad80d38a4fb32fa5e4ee11c43) Importer(815301076,1909f56bfc062723c751e8b465ee728b)  -> (artifact id: '75425f0a3b0264f818f0ac5bbe572f80') in 0.018576 seconds 
  Import took 0.021398 seconds .

========================================================================
Received Import Request.
  Time since last request: 0.000334 seconds.
  path: Assets/Cyberpunk Material Pack/Textures/cyberpunk_2/6x6_tex_Normal.png
  artifactKey: Guid(927f570e4bac92d47b7055d4726bf698) Importer(815301076,1909f56bfc062723c751e8b465ee728b)
Start importing Assets/Cyberpunk Material Pack/Textures/cyberpunk_2/6x6_tex_Normal.png using Guid(927f570e4bac92d47b7055d4726bf698) Importer(815301076,1909f56bfc062723c751e8b465ee728b)  -> (artifact id: '467db33dbdceabeb6b61fa5894992ad8') in 0.015728 seconds 
  Import took 0.017969 seconds .

========================================================================
Received Import Request.
  Time since last request: 0.000280 seconds.
  path: Assets/Cyberpunk Material Pack/Textures/cyberpunk_2/6x6_tex_MaskMap.png
  artifactKey: Guid(979ec8b8b47b57c47826af6c3cb654de) Importer(815301076,1909f56bfc062723c751e8b465ee728b)
Start importing Assets/Cyberpunk Material Pack/Textures/cyberpunk_2/6x6_tex_MaskMap.png using Guid(979ec8b8b47b57c47826af6c3cb654de) Importer(815301076,1909f56bfc062723c751e8b465ee728b)  -> (artifact id: '32b91ae88c074c40a98b93a1255b972d') in 0.011714 seconds 
  Import took 0.013892 seconds .

========================================================================
Received Import Request.
  Time since last request: 11.001385 seconds.
  path: Assets/Cyberpunk Material Pack/Textures/cyberpunk_2/Materials
  artifactKey: Guid(1131d94ab2c9a80498b1dba69e324208) Importer(815301076,1909f56bfc062723c751e8b465ee728b)
Start importing Assets/Cyberpunk Material Pack/Textures/cyberpunk_2/Materials using Guid(1131d94ab2c9a80498b1dba69e324208) Importer(815301076,1909f56bfc062723c751e8b465ee728b)  -> (artifact id: 'e628ed62357c7f74f47734d51eed8c95') in 0.003385 seconds 
  Import took 0.006610 seconds .

========================================================================
Received Import Request.
  Time since last request: 0.685752 seconds.
  path: Assets/Cyberpunk Material Pack/Textures/cyberpunk_2/Materials/6x6_tex_BaseMap.mat
  artifactKey: Guid(e55d56deb34e6994aaecf86f03b8541e) Importer(815301076,1909f56bfc062723c751e8b465ee728b)
Start importing Assets/Cyberpunk Material Pack/Textures/cyberpunk_2/Materials/6x6_tex_BaseMap.mat using Guid(e55d56deb34e6994aaecf86f03b8541e) Importer(815301076,1909f56bfc062723c751e8b465ee728b)  -> (artifact id: 'f5b779af1b60af768bcef151733616f3') in 0.015713 seconds 
  Import took 0.018283 seconds .

========================================================================
Received Import Request.
  Time since last request: 7.491905 seconds.
  path: Assets/Cyberpunk Material Pack/Textures/cyberpunk_4
  artifactKey: Guid(de0e41a4d143c5e4bb383960a059002a) Importer(815301076,1909f56bfc062723c751e8b465ee728b)
Start importing Assets/Cyberpunk Material Pack/Textures/cyberpunk_4 using Guid(de0e41a4d143c5e4bb383960a059002a) Importer(815301076,1909f56bfc062723c751e8b465ee728b)  -> (artifact id: 'a279fdbe26043ad7467ab5a8c14db6e0') in 0.008897 seconds 
  Import took 0.011968 seconds .

========================================================================
Received Import Request.
  Time since last request: 0.076450 seconds.
  path: Assets/Cyberpunk Material Pack/Textures/cyberpunk_4/6x6_tex_BaseMap.png
  artifactKey: Guid(786bf2ef795dca34ab6475e5f64b1bda) Importer(815301076,1909f56bfc062723c751e8b465ee728b)
Start importing Assets/Cyberpunk Material Pack/Textures/cyberpunk_4/6x6_tex_BaseMap.png using Guid(786bf2ef795dca34ab6475e5f64b1bda) Importer(815301076,1909f56bfc062723c751e8b465ee728b)  -> (artifact id: '41e0b829815a3a521ae24303d782fdc6') in 0.013672 seconds 
  Import took 0.017249 seconds .

========================================================================
Received Import Request.
  Time since last request: 0.000333 seconds.
  path: Assets/Cyberpunk Material Pack/Textures/cyberpunk_4/6x6_tex_MaskMap.png
  artifactKey: Guid(f7f2d4c04248069438ccba9e788a2545) Importer(815301076,1909f56bfc062723c751e8b465ee728b)
Start importing Assets/Cyberpunk Material Pack/Textures/cyberpunk_4/6x6_tex_MaskMap.png using Guid(f7f2d4c04248069438ccba9e788a2545) Importer(815301076,1909f56bfc062723c751e8b465ee728b)  -> (artifact id: 'db182dfa5b8a86dc10219d940543f721') in 0.012579 seconds 
  Import took 0.014770 seconds .

========================================================================
Received Import Request.
  Time since last request: 0.000251 seconds.
  path: Assets/Cyberpunk Material Pack/Textures/cyberpunk_4/6x6_tex_Normal.png
  artifactKey: Guid(fc69f5d71f323924ba630456bbea78fe) Importer(815301076,1909f56bfc062723c751e8b465ee728b)
Start importing Assets/Cyberpunk Material Pack/Textures/cyberpunk_4/6x6_tex_Normal.png using Guid(fc69f5d71f323924ba630456bbea78fe) Importer(815301076,1909f56bfc062723c751e8b465ee728b)  -> (artifact id: '1d5523fdeab60d33f00c3c7ab8b70baf') in 0.013276 seconds 
  Import took 0.015879 seconds .

========================================================================
Received Import Request.
  Time since last request: 1.255236 seconds.
  path: Assets/Cyberpunk Material Pack/Textures/cyberpunk_5/6x6_tex_BaseMap.png
  artifactKey: Guid(f79de06fe0ece45458eab6c1db307914) Importer(815301076,1909f56bfc062723c751e8b465ee728b)
Start importing Assets/Cyberpunk Material Pack/Textures/cyberpunk_5/6x6_tex_BaseMap.png using Guid(f79de06fe0ece45458eab6c1db307914) Importer(815301076,1909f56bfc062723c751e8b465ee728b)  -> (artifact id: '9a9779296c1b26eacccab52c0e39a8ba') in 0.015244 seconds 
  Import took 0.018149 seconds .

========================================================================
Received Import Request.
  Time since last request: 0.000285 seconds.
  path: Assets/Cyberpunk Material Pack/Textures/cyberpunk_5/6x6_tex_Normal.png
  artifactKey: Guid(ee0d8ed5f7c4a914492a65344e27f41a) Importer(815301076,1909f56bfc062723c751e8b465ee728b)
Start importing Assets/Cyberpunk Material Pack/Textures/cyberpunk_5/6x6_tex_Normal.png using Guid(ee0d8ed5f7c4a914492a65344e27f41a) Importer(815301076,1909f56bfc062723c751e8b465ee728b)  -> (artifact id: '57f3f253278c8c0142e042a357fa20ae') in 0.012261 seconds 
  Import took 0.014412 seconds .

========================================================================
Received Import Request.
  Time since last request: 0.000241 seconds.
  path: Assets/Cyberpunk Material Pack/Textures/cyberpunk_5/6x6_tex_MaskMap.png
  artifactKey: Guid(68f6a283677732142a7d050931e19448) Importer(815301076,1909f56bfc062723c751e8b465ee728b)
Start importing Assets/Cyberpunk Material Pack/Textures/cyberpunk_5/6x6_tex_MaskMap.png using Guid(68f6a283677732142a7d050931e19448) Importer(815301076,1909f56bfc062723c751e8b465ee728b)  -> (artifact id: '3c576f5a668bffaac4ade749a1aafa3b') in 0.011741 seconds 
  Import took 0.013928 seconds .

========================================================================
Received Import Request.
  Time since last request: 0.769677 seconds.
  path: Assets/Cyberpunk Material Pack/Textures/cyberpunk_6/6x6_tex_BaseMap.png
  artifactKey: Guid(8dfbca7554fe5df45ba0d8f7dcee7b64) Importer(815301076,1909f56bfc062723c751e8b465ee728b)
Start importing Assets/Cyberpunk Material Pack/Textures/cyberpunk_6/6x6_tex_BaseMap.png using Guid(8dfbca7554fe5df45ba0d8f7dcee7b64) Importer(815301076,1909f56bfc062723c751e8b465ee728b)  -> (artifact id: 'b7d875e6aa004728ca7ac64c5384f7a1') in 0.016032 seconds 
  Import took 0.018982 seconds .

========================================================================
Received Import Request.
  Time since last request: 0.000379 seconds.
  path: Assets/Cyberpunk Material Pack/Textures/cyberpunk_6/6x6_tex_MaskMap.png
  artifactKey: Guid(94e4a7b1a9f892e4f814b538826dbd6b) Importer(815301076,1909f56bfc062723c751e8b465ee728b)
Start importing Assets/Cyberpunk Material Pack/Textures/cyberpunk_6/6x6_tex_MaskMap.png using Guid(94e4a7b1a9f892e4f814b538826dbd6b) Importer(815301076,1909f56bfc062723c751e8b465ee728b)  -> (artifact id: 'c4872c1893dfe537915265da544d1210') in 0.012407 seconds 
  Import took 0.014665 seconds .

========================================================================
Received Import Request.
  Time since last request: 0.000278 seconds.
  path: Assets/Cyberpunk Material Pack/Textures/cyberpunk_6/6x6_tex_Normal.png
  artifactKey: Guid(17db49abe6011dc48ac3bd46999011c9) Importer(815301076,1909f56bfc062723c751e8b465ee728b)
Start importing Assets/Cyberpunk Material Pack/Textures/cyberpunk_6/6x6_tex_Normal.png using Guid(17db49abe6011dc48ac3bd46999011c9) Importer(815301076,1909f56bfc062723c751e8b465ee728b)  -> (artifact id: '7cc1ae035caf02cebe342df531bfb478') in 0.013210 seconds 
  Import took 0.015373 seconds .

========================================================================
Received Import Request.
  Time since last request: 61.687644 seconds.
  path: Assets/Cyberpunk Material Pack/Textures/cyberpunk_3/6x6_tex_BaseMap.png
  artifactKey: Guid(a8cab65abf0186a46adbc085ffff62d5) Importer(815301076,1909f56bfc062723c751e8b465ee728b)
Start importing Assets/Cyberpunk Material Pack/Textures/cyberpunk_3/6x6_tex_BaseMap.png using Guid(a8cab65abf0186a46adbc085ffff62d5) Importer(815301076,1909f56bfc062723c751e8b465ee728b)  -> (artifact id: '10b64ef9f420b4a30da9475473d94ccb') in 0.017148 seconds 
  Import took 0.020575 seconds .

========================================================================
Received Import Request.
  Time since last request: 0.000334 seconds.
  path: Assets/Cyberpunk Material Pack/Textures/cyberpunk_3/6x6_tex_MaskMap.png
  artifactKey: Guid(f12dd855b51243a428f08222bdbcccbe) Importer(815301076,1909f56bfc062723c751e8b465ee728b)
Start importing Assets/Cyberpunk Material Pack/Textures/cyberpunk_3/6x6_tex_MaskMap.png using Guid(f12dd855b51243a428f08222bdbcccbe) Importer(815301076,1909f56bfc062723c751e8b465ee728b)  -> (artifact id: '33a103abc173ed9caa1d8192bf2811d1') in 0.014396 seconds 
  Import took 0.016881 seconds .

========================================================================
Received Import Request.
  Time since last request: 0.000275 seconds.
  path: Assets/Cyberpunk Material Pack/Textures/cyberpunk_3/6x6_tex_Normal.png
  artifactKey: Guid(e437cfa59907e3a40b920e7362446f6a) Importer(815301076,1909f56bfc062723c751e8b465ee728b)
Start importing Assets/Cyberpunk Material Pack/Textures/cyberpunk_3/6x6_tex_Normal.png using Guid(e437cfa59907e3a40b920e7362446f6a) Importer(815301076,1909f56bfc062723c751e8b465ee728b)  -> (artifact id: '1020d91f636b826a6e368fed9161af07') in 0.013124 seconds 
  Import took 0.015499 seconds .

========================================================================
Received Import Request.
  Time since last request: 263.432768 seconds.
  path: Assets/Cyberpunk Material Pack/Textures/cyberpunk_6/Materials
  artifactKey: Guid(c4944ffc5e3482845bbc96025cf1aaeb) Importer(815301076,1909f56bfc062723c751e8b465ee728b)
Start importing Assets/Cyberpunk Material Pack/Textures/cyberpunk_6/Materials using Guid(c4944ffc5e3482845bbc96025cf1aaeb) Importer(815301076,1909f56bfc062723c751e8b465ee728b)  -> (artifact id: '389f560c75c8b992fc398920b480c794') in 0.003962 seconds 
  Import took 0.007051 seconds .

========================================================================
Received Import Request.
  Time since last request: 1191.724589 seconds.
  path: Assets/PBR Lamps Pack Free/Classic fluorescent lamp/Materials/Classic fluorescent lamp.mat
  artifactKey: Guid(5402a5faaf4866b4d863db132f7c07bf) Importer(815301076,1909f56bfc062723c751e8b465ee728b)
Start importing Assets/PBR Lamps Pack Free/Classic fluorescent lamp/Materials/Classic fluorescent lamp.mat using Guid(5402a5faaf4866b4d863db132f7c07bf) Importer(815301076,1909f56bfc062723c751e8b465ee728b)  -> (artifact id: '21081061f48e379ba5a74471698a9a72') in 0.337175 seconds 
  Import took 0.341417 seconds .

========================================================================
Received Import Request.
  Time since last request: 0.000299 seconds.
  path: Assets/PBR Lamps Pack Free/Classic fluorescent lamp/Materials/Lambert_Low_poly.mat
  artifactKey: Guid(ead6ae753564a8b43bfc3712f8b942fa) Importer(815301076,1909f56bfc062723c751e8b465ee728b)
Start importing Assets/PBR Lamps Pack Free/Classic fluorescent lamp/Materials/Lambert_Low_poly.mat using Guid(ead6ae753564a8b43bfc3712f8b942fa) Importer(815301076,1909f56bfc062723c751e8b465ee728b)  -> (artifact id: 'a821b99bd09af5cc79758a73be8ebdeb') in 0.020837 seconds 
  Import took 0.023708 seconds .

========================================================================
Received Import Request.
  Time since last request: 0.333759 seconds.
  path: Assets/PBR Lamps Pack Free/Classic fluorescent lamp/Maps (Specular) [Unity]/Classic_fluorescent_lamp_ao.png
  artifactKey: Guid(03de16ff32374ba43838cba8be87ee3b) Importer(815301076,1909f56bfc062723c751e8b465ee728b)
Start importing Assets/PBR Lamps Pack Free/Classic fluorescent lamp/Maps (Specular) [Unity]/Classic_fluorescent_lamp_ao.png using Guid(03de16ff32374ba43838cba8be87ee3b) Importer(815301076,1909f56bfc062723c751e8b465ee728b)  -> (artifact id: '54bc294524e3c387abe88304af65de81') in 0.015020 seconds 
  Import took 0.018068 seconds .

========================================================================
Received Import Request.
  Time since last request: 0.000306 seconds.
  path: Assets/PBR Lamps Pack Free/Classic fluorescent lamp/Maps (Specular) [Unity]/Classic_fluorescent_lamp_diffuse.png
  artifactKey: Guid(53d9ac25c717add419d0e59f70e4e6df) Importer(815301076,1909f56bfc062723c751e8b465ee728b)
Start importing Assets/PBR Lamps Pack Free/Classic fluorescent lamp/Maps (Specular) [Unity]/Classic_fluorescent_lamp_diffuse.png using Guid(53d9ac25c717add419d0e59f70e4e6df) Importer(815301076,1909f56bfc062723c751e8b465ee728b)  -> (artifact id: 'bea50013c8251698c29942eb58ab6d1c') in 0.021514 seconds 
  Import took 0.024725 seconds .

========================================================================
Received Import Request.
  Time since last request: 0.000462 seconds.
  path: Assets/PBR Lamps Pack Free/Classic fluorescent lamp/Maps (Specular) [Unity]/Classic_fluorescent_lamp_emissive.png
  artifactKey: Guid(c0c87017c1a2e404e8c3a31e21f90376) Importer(815301076,1909f56bfc062723c751e8b465ee728b)
Start importing Assets/PBR Lamps Pack Free/Classic fluorescent lamp/Maps (Specular) [Unity]/Classic_fluorescent_lamp_emissive.png using Guid(c0c87017c1a2e404e8c3a31e21f90376) Importer(815301076,1909f56bfc062723c751e8b465ee728b)  -> (artifact id: '908aa8d35ef4dfe2e0ed5f88af5ab2c8') in 0.023704 seconds 
  Import took 0.028051 seconds .

========================================================================
Received Import Request.
  Time since last request: 0.000276 seconds.
  path: Assets/PBR Lamps Pack Free/Classic fluorescent lamp/Maps (Specular) [Unity]/Classic_fluorescent_lamp_normal.png
  artifactKey: Guid(6f28d09a41ad7fe49a3722dbed7ef9c1) Importer(815301076,1909f56bfc062723c751e8b465ee728b)
Start importing Assets/PBR Lamps Pack Free/Classic fluorescent lamp/Maps (Specular) [Unity]/Classic_fluorescent_lamp_normal.png using Guid(6f28d09a41ad7fe49a3722dbed7ef9c1) Importer(815301076,1909f56bfc062723c751e8b465ee728b)  -> (artifact id: 'a86764a925fde35fce2cee6cfcb9375d') in 0.021276 seconds 
  Import took 0.024189 seconds .

========================================================================
Received Import Request.
  Time since last request: 0.000346 seconds.
  path: Assets/PBR Lamps Pack Free/Classic fluorescent lamp/Maps (Specular) [Unity]/Classic_fluorescent_lamp_specular.png
  artifactKey: Guid(c15163ce42b207f46b90f426470b189b) Importer(815301076,1909f56bfc062723c751e8b465ee728b)
Start importing Assets/PBR Lamps Pack Free/Classic fluorescent lamp/Maps (Specular) [Unity]/Classic_fluorescent_lamp_specular.png using Guid(c15163ce42b207f46b90f426470b189b) Importer(815301076,1909f56bfc062723c751e8b465ee728b)  -> (artifact id: 'f98113299bea8b3b86195987727b60e0') in 0.018426 seconds 
  Import took 0.022178 seconds .

========================================================================
Received Import Request.
  Time since last request: 1.681849 seconds.
  path: Assets/PBR Lamps Pack Free/Large round lamp/Large_round_lamp.FBX
  artifactKey: Guid(6edef1cd874c79b4fbe1a6f8229371f6) Importer(815301076,1909f56bfc062723c751e8b465ee728b)
Start importing Assets/PBR Lamps Pack Free/Large round lamp/Large_round_lamp.FBX using Guid(6edef1cd874c79b4fbe1a6f8229371f6) Importer(815301076,1909f56bfc062723c751e8b465ee728b)  -> (artifact id: '9e9d8cae48a9d722f4796a8eee0bf4a9') in 0.025679 seconds 
  Import took 0.029250 seconds .

========================================================================
Received Import Request.
  Time since last request: 8.437644 seconds.
  path: Assets/PBR Lamps Pack Free/Prefabs/Classic fluorescent lamp.prefab
  artifactKey: Guid(94e472da99198764cb9d172d651d1b5c) Importer(815301076,1909f56bfc062723c751e8b465ee728b)
Start importing Assets/PBR Lamps Pack Free/Prefabs/Classic fluorescent lamp.prefab using Guid(94e472da99198764cb9d172d651d1b5c) Importer(815301076,1909f56bfc062723c751e8b465ee728b)  -> (artifact id: '2b7d856a2e0b9af62cd8a1ab2ab4054b') in 0.047670 seconds 
  Import took 0.051487 seconds .

========================================================================
Received Import Request.
  Time since last request: 0.000249 seconds.
  path: Assets/PBR Lamps Pack Free/Prefabs/Small_roof_lamp.prefab
  artifactKey: Guid(b266f4e4ee23ffc45b9b5f47b06e3a89) Importer(815301076,1909f56bfc062723c751e8b465ee728b)
Start importing Assets/PBR Lamps Pack Free/Prefabs/Small_roof_lamp.prefab using Guid(b266f4e4ee23ffc45b9b5f47b06e3a89) Importer(815301076,1909f56bfc062723c751e8b465ee728b)  -> (artifact id: 'b705af6400915eaa3705686e961cdb7f') in 0.035525 seconds 
  Import took 0.038736 seconds .

========================================================================
Received Import Request.
  Time since last request: 0.000277 seconds.
  path: Assets/PBR Lamps Pack Free/Prefabs/Large_round_lamp.prefab
  artifactKey: Guid(9b2a4f13248ef214b9e14c5bed331a51) Importer(815301076,1909f56bfc062723c751e8b465ee728b)
Start importing Assets/PBR Lamps Pack Free/Prefabs/Large_round_lamp.prefab using Guid(9b2a4f13248ef214b9e14c5bed331a51) Importer(815301076,1909f56bfc062723c751e8b465ee728b)  -> (artifact id: 'f6f08122c5422c25ce86f298256f6ffa') in 0.030857 seconds 
  Import took 0.033851 seconds .

========================================================================
Received Import Request.
  Time since last request: 529.660265 seconds.
  path: Assets/PBR Lamps Pack Free/Large round lamp/Materials/Large round lamp Scratched.mat
  artifactKey: Guid(e0313d566a952f34a891d01a8b76cfbc) Importer(815301076,1909f56bfc062723c751e8b465ee728b)
Start importing Assets/PBR Lamps Pack Free/Large round lamp/Materials/Large round lamp Scratched.mat using Guid(e0313d566a952f34a891d01a8b76cfbc) Importer(815301076,1909f56bfc062723c751e8b465ee728b)  -> (artifact id: '83213e76f3fd06e13dc7485db6b5eb9c') in 0.029729 seconds 
  Import took 0.035301 seconds .

========================================================================
Received Import Request.
  Time since last request: 0.000254 seconds.
  path: Assets/PBR Lamps Pack Free/Large round lamp/Materials/No Name.mat
  artifactKey: Guid(bb0d21127b0f168438938894ae476794) Importer(815301076,1909f56bfc062723c751e8b465ee728b)
Start importing Assets/PBR Lamps Pack Free/Large round lamp/Materials/No Name.mat using Guid(bb0d21127b0f168438938894ae476794) Importer(815301076,1909f56bfc062723c751e8b465ee728b)  -> (artifact id: 'c0a1d16e85c8e4545307e1f317e10fdd') in 0.017929 seconds 
  Import took 0.021331 seconds .

========================================================================
Received Import Request.
  Time since last request: 0.000427 seconds.
  path: Assets/PBR Lamps Pack Free/Large round lamp/Materials/Large round lamp.mat
  artifactKey: Guid(39d47c1f3f09e744189d8b94b6aae428) Importer(815301076,1909f56bfc062723c751e8b465ee728b)
Start importing Assets/PBR Lamps Pack Free/Large round lamp/Materials/Large round lamp.mat using Guid(39d47c1f3f09e744189d8b94b6aae428) Importer(815301076,1909f56bfc062723c751e8b465ee728b)  -> (artifact id: '9eb9c12343bfe112a934e367baa620c4') in 0.043842 seconds 
  Import took 0.047815 seconds .

========================================================================
Received Import Request.
  Time since last request: 0.936128 seconds.
  path: Assets/PBR Lamps Pack Free/Small roof lamp/Small_roof_lamp.FBX
  artifactKey: Guid(7c2a1c59c902eb042aa54a05262379cf) Importer(815301076,1909f56bfc062723c751e8b465ee728b)
Start importing Assets/PBR Lamps Pack Free/Small roof lamp/Small_roof_lamp.FBX using Guid(7c2a1c59c902eb042aa54a05262379cf) Importer(815301076,1909f56bfc062723c751e8b465ee728b)  -> (artifact id: '129cb1adf6342a7fbae92d4e02d02b1d') in 0.020455 seconds 
  Import took 0.023531 seconds .

========================================================================
Received Import Request.
  Time since last request: 43.969281 seconds.
  path: Assets/PBR Lamps Pack Free/Classic fluorescent lamp/Classic fluorescent lamp.fbx
  artifactKey: Guid(27daeef49dd37a4468f613fd17bb7434) Importer(815301076,1909f56bfc062723c751e8b465ee728b)
Start importing Assets/PBR Lamps Pack Free/Classic fluorescent lamp/Classic fluorescent lamp.fbx using Guid(27daeef49dd37a4468f613fd17bb7434) Importer(815301076,1909f56bfc062723c751e8b465ee728b)  -> (artifact id: 'a895d93f7fcf4b3cdd0b8292772e2c25') in 0.023511 seconds 
  Import took 0.026891 seconds .

========================================================================
Received Import Request.
  Time since last request: 1.346130 seconds.
  path: Assets/PBR Lamps Pack Free/Classic fluorescent lamp/Materials
  artifactKey: Guid(12370257ae4c8fe4e8d5ccea0e5b3feb) Importer(815301076,1909f56bfc062723c751e8b465ee728b)
Start importing Assets/PBR Lamps Pack Free/Classic fluorescent lamp/Materials using Guid(12370257ae4c8fe4e8d5ccea0e5b3feb) Importer(815301076,1909f56bfc062723c751e8b465ee728b)  -> (artifact id: 'a0fa09a5e80f8eb022991e2ee047834e') in 0.003470 seconds 
  Import took 0.007046 seconds .

========================================================================
Received Import Request.
  Time since last request: 23.588765 seconds.
  path: Assets/SampleScenes/Materials
  artifactKey: Guid(35e5b60069b1d4945af0cbaefb902d02) Importer(815301076,1909f56bfc062723c751e8b465ee728b)
Start importing Assets/SampleScenes/Materials using Guid(35e5b60069b1d4945af0cbaefb902d02) Importer(815301076,1909f56bfc062723c751e8b465ee728b)  -> (artifact id: 'a5c00134e3a9096303447d4164deab4f') in 0.004716 seconds 
  Import took 0.008972 seconds .

========================================================================
Received Import Request.
  Time since last request: 0.107302 seconds.
  path: Assets/SampleScenes/Materials/MauveSmooth.mat
  artifactKey: Guid(d2985de4f27bfa340a12c3ef95d47167) Importer(815301076,1909f56bfc062723c751e8b465ee728b)
Start importing Assets/SampleScenes/Materials/MauveSmooth.mat using Guid(d2985de4f27bfa340a12c3ef95d47167) Importer(815301076,1909f56bfc062723c751e8b465ee728b)  -> (artifact id: '7497c8e205a9fbb9f4c2206d1d730fe6') in 0.234026 seconds 
  Import took 0.237242 seconds .

========================================================================
Received Import Request.
  Time since last request: 0.000217 seconds.
  path: Assets/SampleScenes/Materials/TurquoiseSmooth.mat
  artifactKey: Guid(735665606fda0c14cb12bc536aa26dc7) Importer(815301076,1909f56bfc062723c751e8b465ee728b)
Start importing Assets/SampleScenes/Materials/TurquoiseSmooth.mat using Guid(735665606fda0c14cb12bc536aa26dc7) Importer(815301076,1909f56bfc062723c751e8b465ee728b)  -> (artifact id: 'e5639d072f744efb21201c7aa7afd7ac') in 0.038087 seconds 
  Import took 0.040431 seconds .

========================================================================
Received Import Request.
  Time since last request: 0.000335 seconds.
  path: Assets/SampleScenes/Materials/NavyDarkGrid.mat
  artifactKey: Guid(01c04496878436140922b19f5220712b) Importer(815301076,1909f56bfc062723c751e8b465ee728b)
Start importing Assets/SampleScenes/Materials/NavyDarkGrid.mat using Guid(01c04496878436140922b19f5220712b) Importer(815301076,1909f56bfc062723c751e8b465ee728b)  -> (artifact id: 'a13026151a44c25818ee9db42fe317a2') in 0.137212 seconds 
  Import took 0.140398 seconds .

========================================================================
Received Import Request.
  Time since last request: 0.000241 seconds.
  path: Assets/SampleScenes/Materials/NavyGrid.mat
  artifactKey: Guid(297e3a11e7d07fc48b4f71056b4f927f) Importer(815301076,1909f56bfc062723c751e8b465ee728b)
Start importing Assets/SampleScenes/Materials/NavyGrid.mat using Guid(297e3a11e7d07fc48b4f71056b4f927f) Importer(815301076,1909f56bfc062723c751e8b465ee728b)  -> (artifact id: '31a94e56a8c520e095ada4eacde4f84d') in 0.034668 seconds 
  Import took 0.036998 seconds .

========================================================================
Received Import Request.
  Time since last request: 0.000250 seconds.
  path: Assets/SampleScenes/Materials/TealSmooth.mat
  artifactKey: Guid(ee9f7b84e86227a4fadc5e7f42e84b97) Importer(815301076,1909f56bfc062723c751e8b465ee728b)
Start importing Assets/SampleScenes/Materials/TealSmooth.mat using Guid(ee9f7b84e86227a4fadc5e7f42e84b97) Importer(815301076,1909f56bfc062723c751e8b465ee728b)  -> (artifact id: 'dffc876d7a4f269f95df386c312940f7') in 0.037823 seconds 
  Import took 0.040267 seconds .

========================================================================
Received Import Request.
  Time since last request: 0.000244 seconds.
  path: Assets/SampleScenes/Materials/NavySmooth.mat
  artifactKey: Guid(bccdb449802ea144b8709da9bac60356) Importer(815301076,1909f56bfc062723c751e8b465ee728b)
Start importing Assets/SampleScenes/Materials/NavySmooth.mat using Guid(bccdb449802ea144b8709da9bac60356) Importer(815301076,1909f56bfc062723c751e8b465ee728b)  -> (artifact id: '35be73dac7abbe62cc7d00902b2e5b96') in 0.026483 seconds 
  Import took 0.029171 seconds .

========================================================================
Received Import Request.
  Time since last request: 0.000237 seconds.
  path: Assets/SampleScenes/Materials/WhiteSmooth.mat
  artifactKey: Guid(616853845a4a54949ac851f2f807aa2a) Importer(815301076,1909f56bfc062723c751e8b465ee728b)
Start importing Assets/SampleScenes/Materials/WhiteSmooth.mat using Guid(616853845a4a54949ac851f2f807aa2a) Importer(815301076,1909f56bfc062723c751e8b465ee728b)  -> (artifact id: '3e4e231986075785ea0fb7e5eba1f96d') in 0.034813 seconds 
  Import took 0.037825 seconds .

========================================================================
Received Import Request.
  Time since last request: 0.000239 seconds.
  path: Assets/SampleScenes/Materials/PinkUnlit.mat
  artifactKey: Guid(a8934a77ad83e0f4a9e9d40b3917880b) Importer(815301076,1909f56bfc062723c751e8b465ee728b)
Start importing Assets/SampleScenes/Materials/PinkUnlit.mat using Guid(a8934a77ad83e0f4a9e9d40b3917880b) Importer(815301076,1909f56bfc062723c751e8b465ee728b)  -> (artifact id: '5694ab2137121b72f966cea40bef888b') in 0.045765 seconds 
  Import took 0.047974 seconds .

========================================================================
Received Import Request.
  Time since last request: 0.000290 seconds.
  path: Assets/SampleScenes/Materials/SkyboxProcedural.mat
  artifactKey: Guid(bf1bf92a3ce592e40b898be6c21cc2fa) Importer(815301076,1909f56bfc062723c751e8b465ee728b)
Start importing Assets/SampleScenes/Materials/SkyboxProcedural.mat using Guid(bf1bf92a3ce592e40b898be6c21cc2fa) Importer(815301076,1909f56bfc062723c751e8b465ee728b)  -> (artifact id: '42e5adb720fb696fed23639ac1c24172') in 0.102720 seconds 
  Import took 0.104949 seconds .

========================================================================
Received Import Request.
  Time since last request: 0.000163 seconds.
  path: Assets/SampleScenes/Materials/YellowSmooth.mat
  artifactKey: Guid(61bcea22404bda2469670dd9255037db) Importer(815301076,1909f56bfc062723c751e8b465ee728b)
Start importing Assets/SampleScenes/Materials/YellowSmooth.mat using Guid(61bcea22404bda2469670dd9255037db) Importer(815301076,1909f56bfc062723c751e8b465ee728b)  -> (artifact id: 'f0986ead4a3f3fbc916380d1c7d79ba0') in 0.032054 seconds 
  Import took 0.034318 seconds .

========================================================================
Received Import Request.
  Time since last request: 0.000270 seconds.
  path: Assets/SampleScenes/Materials/NavyDarkSmooth.mat
  artifactKey: Guid(338dbf9d35df70d428453cc78f8eaa18) Importer(815301076,1909f56bfc062723c751e8b465ee728b)
Start importing Assets/SampleScenes/Materials/NavyDarkSmooth.mat using Guid(338dbf9d35df70d428453cc78f8eaa18) Importer(815301076,1909f56bfc062723c751e8b465ee728b)  -> (artifact id: '7f1f4ce1c5a4298640a9effd0ec4fc9b') in 0.025816 seconds 
  Import took 0.029649 seconds .

========================================================================
Received Import Request.
  Time since last request: 0.000322 seconds.
  path: Assets/SampleScenes/Materials/OrangeSmooth.mat
  artifactKey: Guid(a24037aa2dae5b145b048dcaf948032a) Importer(815301076,1909f56bfc062723c751e8b465ee728b)
Start importing Assets/SampleScenes/Materials/OrangeSmooth.mat using Guid(a24037aa2dae5b145b048dcaf948032a) Importer(815301076,1909f56bfc062723c751e8b465ee728b)  -> (artifact id: '3583ee6ef0b8a94dcf461743ef601948') in 0.031905 seconds 
  Import took 0.034284 seconds .

========================================================================
Received Import Request.
  Time since last request: 0.000302 seconds.
  path: Assets/SampleScenes/Materials/ParticleClouds.mat
  artifactKey: Guid(efb74a60b37f60a41add571d33f34fff) Importer(815301076,1909f56bfc062723c751e8b465ee728b)
Start importing Assets/SampleScenes/Materials/ParticleClouds.mat using Guid(efb74a60b37f60a41add571d33f34fff) Importer(815301076,1909f56bfc062723c751e8b465ee728b)  -> (artifact id: 'f6ca786ddb172af0cc378dff42a66bdc') in 0.060695 seconds 
  Import took 0.063241 seconds .

========================================================================
Received Import Request.
  Time since last request: 0.000273 seconds.
  path: Assets/SampleScenes/Materials/PinkSmooth.mat
  artifactKey: Guid(9335c65f42a781d4c881b93bec5412b9) Importer(815301076,1909f56bfc062723c751e8b465ee728b)
Start importing Assets/SampleScenes/Materials/PinkSmooth.mat using Guid(9335c65f42a781d4c881b93bec5412b9) Importer(815301076,1909f56bfc062723c751e8b465ee728b)  -> (artifact id: '267e55faab3df611d2dded29b18264a5') in 0.033107 seconds 
  Import took 0.036860 seconds .

========================================================================
Received Import Request.
  Time since last request: 0.000304 seconds.
  path: Assets/SampleScenes/Materials/WhiteUnlit.mat
  artifactKey: Guid(432d27f28c1251041bd6d1753602d5f0) Importer(815301076,1909f56bfc062723c751e8b465ee728b)
Start importing Assets/SampleScenes/Materials/WhiteUnlit.mat using Guid(432d27f28c1251041bd6d1753602d5f0) Importer(815301076,1909f56bfc062723c751e8b465ee728b)  -> (artifact id: '9f07588b1a1e672139add24c7785f57f') in 0.026919 seconds 
  Import took 0.029561 seconds .

========================================================================
Received Import Request.
  Time since last request: 9.634560 seconds.
  path: Assets/SampleScenes/Textures/ChevronAlbedo.png
  artifactKey: Guid(a354bcb686ec6544bb340270e70b8f91) Importer(815301076,1909f56bfc062723c751e8b465ee728b)
Start importing Assets/SampleScenes/Textures/ChevronAlbedo.png using Guid(a354bcb686ec6544bb340270e70b8f91) Importer(815301076,1909f56bfc062723c751e8b465ee728b)  -> (artifact id: '47b58c61fa0c738fc4232778da1d9b9f') in 0.025444 seconds 
  Import took 0.028669 seconds .

========================================================================
Received Import Request.
  Time since last request: 0.000285 seconds.
  path: Assets/SampleScenes/Textures/GUIButtonEmpty.png
  artifactKey: Guid(c65405de1316e7f47b4884a5143589cc) Importer(815301076,1909f56bfc062723c751e8b465ee728b)
Start importing Assets/SampleScenes/Textures/GUIButtonEmpty.png using Guid(c65405de1316e7f47b4884a5143589cc) Importer(815301076,1909f56bfc062723c751e8b465ee728b)  -> (artifact id: 'be73a6f8423b86c5be4ba573b45504e2') in 0.028013 seconds 
  Import took 0.030279 seconds .

========================================================================
Received Import Request.
  Time since last request: 0.000281 seconds.
  path: Assets/SampleScenes/Textures/GUICameraCycle.png
  artifactKey: Guid(266f4b0c2c7c161438daa4b595a09a33) Importer(815301076,1909f56bfc062723c751e8b465ee728b)
Start importing Assets/SampleScenes/Textures/GUICameraCycle.png using Guid(266f4b0c2c7c161438daa4b595a09a33) Importer(815301076,1909f56bfc062723c751e8b465ee728b)  -> (artifact id: 'd90c433c1ff95498b14d654bea60ab2a') in 0.022940 seconds 
  Import took 0.026463 seconds .

========================================================================
Received Import Request.
  Time since last request: 0.000293 seconds.
  path: Assets/SampleScenes/Textures/SwatchOrangeAlbedo.png
  artifactKey: Guid(1b0dbc8d052d0ee45a5fa08650d0bf16) Importer(815301076,1909f56bfc062723c751e8b465ee728b)
Start importing Assets/SampleScenes/Textures/SwatchOrangeAlbedo.png using Guid(1b0dbc8d052d0ee45a5fa08650d0bf16) Importer(815301076,1909f56bfc062723c751e8b465ee728b)  -> (artifact id: 'a6d865176b6791274ccea216b85171f6') in 0.015456 seconds 
  Import took 0.018183 seconds .

========================================================================
Received Import Request.
  Time since last request: 0.000567 seconds.
  path: Assets/SampleScenes/Textures/SwatchNavyAlbedo.png
  artifactKey: Guid(ee5f9bf88befa4e4eb6ac1d74dae4051) Importer(815301076,1909f56bfc062723c751e8b465ee728b)
Start importing Assets/SampleScenes/Textures/SwatchNavyAlbedo.png using Guid(ee5f9bf88befa4e4eb6ac1d74dae4051) Importer(815301076,1909f56bfc062723c751e8b465ee728b)  -> (artifact id: 'b54e6d8d85bd2be1c2e055465c38a248') in 0.015916 seconds 
  Import took 0.019621 seconds .

========================================================================
Received Import Request.
  Time since last request: 0.000279 seconds.
  path: Assets/SampleScenes/Textures/GUICameraCycleDown.png
  artifactKey: Guid(3883c76aaf90a674ca944059b2b72175) Importer(815301076,1909f56bfc062723c751e8b465ee728b)
Start importing Assets/SampleScenes/Textures/GUICameraCycleDown.png using Guid(3883c76aaf90a674ca944059b2b72175) Importer(815301076,1909f56bfc062723c751e8b465ee728b)  -> (artifact id: 'b0f94e24ed4c57f96e1c703d018057db') in 0.030073 seconds 
  Import took 0.033359 seconds .

========================================================================
Received Import Request.
  Time since last request: 0.000305 seconds.
  path: Assets/SampleScenes/Textures/GUIButtonSwitchRight.png
  artifactKey: Guid(18ae03f5df3df2e47815aff6f3c6e50c) Importer(815301076,1909f56bfc062723c751e8b465ee728b)
Start importing Assets/SampleScenes/Textures/GUIButtonSwitchRight.png using Guid(18ae03f5df3df2e47815aff6f3c6e50c) Importer(815301076,1909f56bfc062723c751e8b465ee728b)  -> (artifact id: 'cb7d683b183c42fb53b036772a83165f') in 0.025493 seconds 
  Import took 0.029442 seconds .

========================================================================
Received Import Request.
  Time since last request: 0.000493 seconds.
  path: Assets/SampleScenes/Textures/FlyerPlayershipEmission.tif
  artifactKey: Guid(eb5828203f3400a4b96753d2bf40c876) Importer(815301076,1909f56bfc062723c751e8b465ee728b)
Start importing Assets/SampleScenes/Textures/FlyerPlayershipEmission.tif using Guid(eb5828203f3400a4b96753d2bf40c876) Importer(815301076,1909f56bfc062723c751e8b465ee728b)  -> (artifact id: '7524aea40c0e3b35a077eb021ef3b721') in 0.034825 seconds 
  Import took 0.037490 seconds .

========================================================================
Received Import Request.
  Time since last request: 0.000373 seconds.
  path: Assets/SampleScenes/Textures/GUIReticle.png
  artifactKey: Guid(c03c72978d15ecb4d91060d3a10d14f0) Importer(815301076,1909f56bfc062723c751e8b465ee728b)
Start importing Assets/SampleScenes/Textures/GUIReticle.png using Guid(c03c72978d15ecb4d91060d3a10d14f0) Importer(815301076,1909f56bfc062723c751e8b465ee728b)  -> (artifact id: 'eccaf35a9f99f24aa84c4d87bae01b95') in 0.062507 seconds 
  Import took 0.065405 seconds .

========================================================================
Received Import Request.
  Time since last request: 0.000238 seconds.
  path: Assets/SampleScenes/Textures/FlyerPlayershipOcclusion.tif
  artifactKey: Guid(2cf28051c91a64947a27d86020bf21b9) Importer(815301076,1909f56bfc062723c751e8b465ee728b)
Start importing Assets/SampleScenes/Textures/FlyerPlayershipOcclusion.tif using Guid(2cf28051c91a64947a27d86020bf21b9) Importer(815301076,1909f56bfc062723c751e8b465ee728b)  -> (artifact id: '67859b25ab211c8cf4d81da50f5550b8') in 0.031067 seconds 
  Import took 0.034960 seconds .

========================================================================
Received Import Request.
  Time since last request: 0.000277 seconds.
  path: Assets/SampleScenes/Textures/GUIButtonReset.png
  artifactKey: Guid(656566cd3f0724ab1b3f90a4407b381f) Importer(815301076,1909f56bfc062723c751e8b465ee728b)
Start importing Assets/SampleScenes/Textures/GUIButtonReset.png using Guid(656566cd3f0724ab1b3f90a4407b381f) Importer(815301076,1909f56bfc062723c751e8b465ee728b)  -> (artifact id: '756b50f1ca84a17ef6162254d961d7b1') in 0.029000 seconds 
  Import took 0.032522 seconds .

========================================================================
Received Import Request.
  Time since last request: 0.000785 seconds.
  path: Assets/SampleScenes/Textures/GUIButtonSwitchLeft.png
  artifactKey: Guid(9f5ab9ae73e0b44818b90bdd62dbf028) Importer(815301076,1909f56bfc062723c751e8b465ee728b)
Start importing Assets/SampleScenes/Textures/GUIButtonSwitchLeft.png using Guid(9f5ab9ae73e0b44818b90bdd62dbf028) Importer(815301076,1909f56bfc062723c751e8b465ee728b)  -> (artifact id: '9d191db42eb60d750f3214ec8c40f677') in 0.027903 seconds 
  Import took 0.031092 seconds .

========================================================================
Received Import Request.
  Time since last request: 0.000292 seconds.
  path: Assets/SampleScenes/Textures/SwatchTurquoiseAlbedo.png
  artifactKey: Guid(aeef8d0d4008dcd4eb547dcb8b92a9c8) Importer(815301076,1909f56bfc062723c751e8b465ee728b)
Start importing Assets/SampleScenes/Textures/SwatchTurquoiseAlbedo.png using Guid(aeef8d0d4008dcd4eb547dcb8b92a9c8) Importer(815301076,1909f56bfc062723c751e8b465ee728b)  -> (artifact id: '1a9f2b778117d6ba43f23ffe5be2ebd4') in 0.018093 seconds 
  Import took 0.021054 seconds .

========================================================================
Received Import Request.
  Time since last request: 0.000395 seconds.
  path: Assets/SampleScenes/Textures/SwatchTealAlbedo.png
  artifactKey: Guid(55aa8af457d5bdb419c375b143edb6a5) Importer(815301076,1909f56bfc062723c751e8b465ee728b)
Start importing Assets/SampleScenes/Textures/SwatchTealAlbedo.png using Guid(55aa8af457d5bdb419c375b143edb6a5) Importer(815301076,1909f56bfc062723c751e8b465ee728b)  -> (artifact id: 'ca467449ae89192e00569fbd2c946878') in 0.018734 seconds 
  Import took 0.023242 seconds .

========================================================================
Received Import Request.
  Time since last request: 0.000417 seconds.
  path: Assets/SampleScenes/Textures/SwatchMauveAlbedo.png
  artifactKey: Guid(27c9d88e434ddf14aab2263729d96588) Importer(815301076,1909f56bfc062723c751e8b465ee728b)
Start importing Assets/SampleScenes/Textures/SwatchMauveAlbedo.png using Guid(27c9d88e434ddf14aab2263729d96588) Importer(815301076,1909f56bfc062723c751e8b465ee728b)  -> (artifact id: '54a0e673aa9dd1394ab29a8f09b14d1d') in 0.018782 seconds 
  Import took 0.022111 seconds .

========================================================================
Received Import Request.
  Time since last request: 0.000333 seconds.
  path: Assets/SampleScenes/Textures/SwatchPinkAlbedo.png
  artifactKey: Guid(e573d986e51134d48b79cf2761ab65b4) Importer(815301076,1909f56bfc062723c751e8b465ee728b)
Start importing Assets/SampleScenes/Textures/SwatchPinkAlbedo.png using Guid(e573d986e51134d48b79cf2761ab65b4) Importer(815301076,1909f56bfc062723c751e8b465ee728b)  -> (artifact id: 'e737f34723eac58d7f551d8679a97bd6') in 0.018474 seconds 
  Import took 0.021974 seconds .

========================================================================
Received Import Request.
  Time since last request: 0.000314 seconds.
  path: Assets/SampleScenes/Textures/GUIButtonRun.png
  artifactKey: Guid(d475714451e40d84286be5d2dfabff88) Importer(815301076,1909f56bfc062723c751e8b465ee728b)
Start importing Assets/SampleScenes/Textures/GUIButtonRun.png using Guid(d475714451e40d84286be5d2dfabff88) Importer(815301076,1909f56bfc062723c751e8b465ee728b)  -> (artifact id: '52172644e1136bff8ca4b568e9fe3d67') in 0.028899 seconds 
  Import took 0.031997 seconds .

========================================================================
Received Import Request.
  Time since last request: 0.000294 seconds.
  path: Assets/SampleScenes/Textures/GUITimescaleFull.png
  artifactKey: Guid(4276d5f756bb64e7dbe3d20577592f33) Importer(815301076,1909f56bfc062723c751e8b465ee728b)
Start importing Assets/SampleScenes/Textures/GUITimescaleFull.png using Guid(4276d5f756bb64e7dbe3d20577592f33) Importer(815301076,1909f56bfc062723c751e8b465ee728b)  -> (artifact id: 'deaab8de1469db75ca75479f915ef64e') in 0.027795 seconds 
  Import took 0.031020 seconds .

========================================================================
Received Import Request.
  Time since last request: 0.000293 seconds.
  path: Assets/SampleScenes/Textures/SwatchNavyDarkAlbedo.png
  artifactKey: Guid(b64756a3fbf7f7e42b02aa3aa8669374) Importer(815301076,1909f56bfc062723c751e8b465ee728b)
Start importing Assets/SampleScenes/Textures/SwatchNavyDarkAlbedo.png using Guid(b64756a3fbf7f7e42b02aa3aa8669374) Importer(815301076,1909f56bfc062723c751e8b465ee728b)  -> (artifact id: '2a10fd345342c4a12a2a090b7d8884b6') in 0.017261 seconds 
  Import took 0.021432 seconds .

========================================================================
Received Import Request.
  Time since last request: 0.000323 seconds.
  path: Assets/SampleScenes/Textures/SwatchWhiteAlbedo.png
  artifactKey: Guid(c798603beb3c1fc4a96620cf6b35cc32) Importer(815301076,1909f56bfc062723c751e8b465ee728b)
Start importing Assets/SampleScenes/Textures/SwatchWhiteAlbedo.png using Guid(c798603beb3c1fc4a96620cf6b35cc32) Importer(815301076,1909f56bfc062723c751e8b465ee728b)  -> (artifact id: '9599f561ab073ec490ebcf54c997b9db') in 0.017769 seconds 
  Import took 0.022070 seconds .

========================================================================
Received Import Request.
  Time since last request: 0.000261 seconds.
  path: Assets/SampleScenes/Textures/GridEmissive.png
  artifactKey: Guid(f12438971f1ef65478bf3b3f12e0aab4) Importer(815301076,1909f56bfc062723c751e8b465ee728b)
Start importing Assets/SampleScenes/Textures/GridEmissive.png using Guid(f12438971f1ef65478bf3b3f12e0aab4) Importer(815301076,1909f56bfc062723c751e8b465ee728b)  -> (artifact id: 'cd0c76d7e95c49ff5237a37555a49c1a') in 0.017771 seconds 
  Import took 0.022522 seconds .

========================================================================
Received Import Request.
  Time since last request: 0.000319 seconds.
  path: Assets/SampleScenes/Textures/SwatchYellowAlbedo.png
  artifactKey: Guid(82e9fd4029ec6cc40b9301835032532f) Importer(815301076,1909f56bfc062723c751e8b465ee728b)
Start importing Assets/SampleScenes/Textures/SwatchYellowAlbedo.png using Guid(82e9fd4029ec6cc40b9301835032532f) Importer(815301076,1909f56bfc062723c751e8b465ee728b)  -> (artifact id: 'ed29e24b048cb21d085c41b19b3c911c') in 0.017294 seconds 
  Import took 0.020973 seconds .

========================================================================
Received Import Request.
  Time since last request: 0.000250 seconds.
  path: Assets/SampleScenes/Textures/FlyerAsteroidEmissive.tif
  artifactKey: Guid(a9a5231a693155f4f8ba0baa0e33af35) Importer(815301076,1909f56bfc062723c751e8b465ee728b)
Start importing Assets/SampleScenes/Textures/FlyerAsteroidEmissive.tif using Guid(a9a5231a693155f4f8ba0baa0e33af35) Importer(815301076,1909f56bfc062723c751e8b465ee728b)  -> (artifact id: 'f3ebb7487d452a64075f6200d3323d35') in 0.027857 seconds 
  Import took 0.031780 seconds .

========================================================================
Received Import Request.
  Time since last request: 0.000231 seconds.
  path: Assets/SampleScenes/Textures/FlyerPlayershipAlbedo.tif
  artifactKey: Guid(512e488bce130734aae5f494c86272be) Importer(815301076,1909f56bfc062723c751e8b465ee728b)
Start importing Assets/SampleScenes/Textures/FlyerPlayershipAlbedo.tif using Guid(512e488bce130734aae5f494c86272be) Importer(815301076,1909f56bfc062723c751e8b465ee728b)  -> (artifact id: '83ff3a567b0e7fb4687c7bc0b1773bee') in 0.024380 seconds 
  Import took 0.027844 seconds .

========================================================================
Received Import Request.
  Time since last request: 0.000259 seconds.
  path: Assets/SampleScenes/Textures/GUITimescaleSlow.png
  artifactKey: Guid(7be95422710fa4b018659390b6108d74) Importer(815301076,1909f56bfc062723c751e8b465ee728b)
Start importing Assets/SampleScenes/Textures/GUITimescaleSlow.png using Guid(7be95422710fa4b018659390b6108d74) Importer(815301076,1909f56bfc062723c751e8b465ee728b)  -> (artifact id: 'd7b9c03d13e70ac0e14990386d22b1a5') in 0.028396 seconds 
  Import took 0.031110 seconds .

========================================================================
Received Import Request.
  Time since last request: 43.023491 seconds.
  path: Assets/SampleScenes/Menu/Prefabs/EventSystem.prefab
  artifactKey: Guid(af6c1d82d375aa54c81180d14d62761e) Importer(815301076,1909f56bfc062723c751e8b465ee728b)
Start importing Assets/SampleScenes/Menu/Prefabs/EventSystem.prefab using Guid(af6c1d82d375aa54c81180d14d62761e) Importer(815301076,1909f56bfc062723c751e8b465ee728b)  -> (artifact id: '85a545d6e9d3f45dc2fff7d252e09a88') in 0.024226 seconds 
  Import took 0.026830 seconds .

========================================================================
Received Import Request.
  Time since last request: 0.000392 seconds.
  path: Assets/SampleScenes/Menu/Prefabs/MainMenuUI.prefab
  artifactKey: Guid(2c438794b43b9534189eff0d7d79335a) Importer(815301076,1909f56bfc062723c751e8b465ee728b)
Start importing Assets/SampleScenes/Menu/Prefabs/MainMenuUI.prefab using Guid(2c438794b43b9534189eff0d7d79335a) Importer(815301076,1909f56bfc062723c751e8b465ee728b)  -> (artifact id: 'a37bd26ecaaeb38c6d380d610ed6b097') in 0.083581 seconds 
  Import took 0.087278 seconds .

========================================================================
Received Import Request.
  Time since last request: 0.000200 seconds.
  path: Assets/SampleScenes/Menu/Prefabs/MainMenuLoader.prefab
  artifactKey: Guid(9d86e6c6b9ce74f9ab00b6c214035130) Importer(815301076,1909f56bfc062723c751e8b465ee728b)
Start importing Assets/SampleScenes/Menu/Prefabs/MainMenuLoader.prefab using Guid(9d86e6c6b9ce74f9ab00b6c214035130) Importer(815301076,1909f56bfc062723c751e8b465ee728b)  -> (artifact id: '209438d135473d4b507e2e33be74182d') in 0.019573 seconds 
  Import took 0.022270 seconds .

========================================================================
Received Import Request.
  Time since last request: 0.000260 seconds.
  path: Assets/SampleScenes/Menu/Prefabs/NetworkGameMenuUI.prefab
  artifactKey: Guid(da4ad5eaeea795c4c889dcf86db7ca39) Importer(815301076,1909f56bfc062723c751e8b465ee728b)
Start importing Assets/SampleScenes/Menu/Prefabs/NetworkGameMenuUI.prefab using Guid(da4ad5eaeea795c4c889dcf86db7ca39) Importer(815301076,1909f56bfc062723c751e8b465ee728b)  -> (artifact id: '1c5889cd77ac0ae42ed4fb56d8347a04') in 0.023401 seconds 
  Import took 0.026229 seconds .

========================================================================
Received Import Request.
  Time since last request: 0.000269 seconds.
  path: Assets/SampleScenes/Menu/Prefabs/NetworkScoreBarUI.prefab
  artifactKey: Guid(3da1cd500d4e06d4bb56050e320d9b22) Importer(815301076,1909f56bfc062723c751e8b465ee728b)
Start importing Assets/SampleScenes/Menu/Prefabs/NetworkScoreBarUI.prefab using Guid(3da1cd500d4e06d4bb56050e320d9b22) Importer(815301076,1909f56bfc062723c751e8b465ee728b)  -> (artifact id: 'a39275b8584b747b1810e9e9e345fd59') in 0.021529 seconds 
  Import took 0.023998 seconds .

========================================================================
Received Import Request.
  Time since last request: 2.021076 seconds.
  path: Assets/SampleScenes/Models/Brick.fbx
  artifactKey: Guid(9ced0c52dc1504d4da20513052fdc602) Importer(815301076,1909f56bfc062723c751e8b465ee728b)
Start importing Assets/SampleScenes/Models/Brick.fbx using Guid(9ced0c52dc1504d4da20513052fdc602) Importer(815301076,1909f56bfc062723c751e8b465ee728b)  -> (artifact id: '487ed9ef8e0eb83ffbd3810b67979122') in 0.040820 seconds 
  Import took 0.044138 seconds .

========================================================================
Received Import Request.
  Time since last request: 0.000219 seconds.
  path: Assets/SampleScenes/Models/PrimaryJumpRamp.fbx
  artifactKey: Guid(e5a593bc7144a6c45b7a3d4543355ec4) Importer(815301076,1909f56bfc062723c751e8b465ee728b)
Start importing Assets/SampleScenes/Models/PrimaryJumpRamp.fbx using Guid(e5a593bc7144a6c45b7a3d4543355ec4) Importer(815301076,1909f56bfc062723c751e8b465ee728b)  -> (artifact id: '88e0046405b03bad6f54e29e16f214b5') in 0.045964 seconds 
  Import took 0.049321 seconds .

========================================================================
Received Import Request.
  Time since last request: 0.000275 seconds.
  path: Assets/SampleScenes/Models/LaserBolt.fbx
  artifactKey: Guid(ee3f0b52fe10f194fb33c1423defa973) Importer(815301076,1909f56bfc062723c751e8b465ee728b)
Start importing Assets/SampleScenes/Models/LaserBolt.fbx using Guid(ee3f0b52fe10f194fb33c1423defa973) Importer(815301076,1909f56bfc062723c751e8b465ee728b)  -> (artifact id: '8125ba9dfef695b2a5b8240dbb8329f1') in 0.049588 seconds 
  Import took 0.052943 seconds .

========================================================================
Received Import Request.
  Time since last request: 0.000196 seconds.
  path: Assets/SampleScenes/Models/GoalPosts.fbx
  artifactKey: Guid(dbd33ca8053b5cb4790c6766343d4fb9) Importer(815301076,1909f56bfc062723c751e8b465ee728b)
Start importing Assets/SampleScenes/Models/GoalPosts.fbx using Guid(dbd33ca8053b5cb4790c6766343d4fb9) Importer(815301076,1909f56bfc062723c751e8b465ee728b)  -> (artifact id: '5582ccb214a2e334fb2f3d2dcb79576a') in 0.047856 seconds 
  Import took 0.050222 seconds .

========================================================================
Received Import Request.
  Time since last request: 0.000286 seconds.
  path: Assets/SampleScenes/Models/GroundTrack.fbx
  artifactKey: Guid(2afa5a1773ca1f84f98c062866a8be55) Importer(815301076,1909f56bfc062723c751e8b465ee728b)
Start importing Assets/SampleScenes/Models/GroundTrack.fbx using Guid(2afa5a1773ca1f84f98c062866a8be55) Importer(815301076,1909f56bfc062723c751e8b465ee728b)  -> (artifact id: 'f95397d77025a5a88cc20a7644132b93') in 0.088427 seconds 
  Import took 0.092479 seconds .

========================================================================
Received Import Request.
  Time since last request: 0.000345 seconds.
  path: Assets/SampleScenes/Models/GroundRunway.FBX
  artifactKey: Guid(b02e63c7c24117e45acd64f6e5ede314) Importer(815301076,1909f56bfc062723c751e8b465ee728b)
Start importing Assets/SampleScenes/Models/GroundRunway.FBX using Guid(b02e63c7c24117e45acd64f6e5ede314) Importer(815301076,1909f56bfc062723c751e8b465ee728b)  -> (artifact id: '16ca601e8c3c57af4c7ff3aa34e9c050') in 0.074454 seconds 
  Import took 0.077007 seconds .

========================================================================
Received Import Request.
  Time since last request: 0.000283 seconds.
  path: Assets/SampleScenes/Models/Pickup.fbx
  artifactKey: Guid(959be6347b65b7a4c9baa6bc323541fd) Importer(815301076,1909f56bfc062723c751e8b465ee728b)
Start importing Assets/SampleScenes/Models/Pickup.fbx using Guid(959be6347b65b7a4c9baa6bc323541fd) Importer(815301076,1909f56bfc062723c751e8b465ee728b)  -> (artifact id: 'd647df7ddb5b45ec60731546eb9baad9') in 0.051957 seconds 
  Import took 0.054718 seconds .

========================================================================
Received Import Request.
  Time since last request: 0.000352 seconds.
  path: Assets/SampleScenes/Models/Ring.fbx
  artifactKey: Guid(ccb151eac4280a94c95575e12e56865a) Importer(815301076,1909f56bfc062723c751e8b465ee728b)
Start importing Assets/SampleScenes/Models/Ring.fbx using Guid(ccb151eac4280a94c95575e12e56865a) Importer(815301076,1909f56bfc062723c751e8b465ee728b)  -> (artifact id: '029248f302ccf1de6f8de4edfe2cce2b') in 0.052167 seconds 
  Import took 0.054827 seconds .

========================================================================
Received Import Request.
  Time since last request: 0.000286 seconds.
  path: Assets/SampleScenes/Models/Cube.fbx
  artifactKey: Guid(ef6178546f77bc546af127fb4c56da0c) Importer(815301076,1909f56bfc062723c751e8b465ee728b)
Start importing Assets/SampleScenes/Models/Cube.fbx using Guid(ef6178546f77bc546af127fb4c56da0c) Importer(815301076,1909f56bfc062723c751e8b465ee728b)  -> (artifact id: '6dd9fd88953cae6454334fb08e5a6c46') in 0.049247 seconds 
  Import took 0.051814 seconds .

========================================================================
Received Import Request.
  Time since last request: 0.000275 seconds.
  path: Assets/SampleScenes/Models/Loop.fbx
  artifactKey: Guid(1d47ea6078c7f594e9aaf5f353bf61ba) Importer(815301076,1909f56bfc062723c751e8b465ee728b)
Start importing Assets/SampleScenes/Models/Loop.fbx using Guid(1d47ea6078c7f594e9aaf5f353bf61ba) Importer(815301076,1909f56bfc062723c751e8b465ee728b)  -> (artifact id: '5d7f702c24026d5292f664c315ebff2c') in 0.049430 seconds 
  Import took 0.052421 seconds .

========================================================================
Received Import Request.
  Time since last request: 0.000261 seconds.
  path: Assets/SampleScenes/Models/Platforms.fbx
  artifactKey: Guid(c35d6bf90f6954140bdbb6cd51b608ac) Importer(815301076,1909f56bfc062723c751e8b465ee728b)
Start importing Assets/SampleScenes/Models/Platforms.fbx using Guid(c35d6bf90f6954140bdbb6cd51b608ac) Importer(815301076,1909f56bfc062723c751e8b465ee728b)  -> (artifact id: 'c77b159845cdb66159cebb782792a9ff') in 0.044944 seconds 
  Import took 0.047764 seconds .

========================================================================
Received Import Request.
  Time since last request: 0.000240 seconds.
  path: Assets/SampleScenes/Menu/Sprites/MenuCornerTopRightSprite.png
  artifactKey: Guid(2b592d40fd47980478920e3ed65b0985) Importer(815301076,1909f56bfc062723c751e8b465ee728b)
Start importing Assets/SampleScenes/Menu/Sprites/MenuCornerTopRightSprite.png using Guid(2b592d40fd47980478920e3ed65b0985) Importer(815301076,1909f56bfc062723c751e8b465ee728b)  -> (artifact id: '58139bc8c233b5b101b86d8a59034a0f') in 0.026492 seconds 
  Import took 0.029362 seconds .

========================================================================
Received Import Request.
  Time since last request: 0.000253 seconds.
  path: Assets/SampleScenes/Models/MiniRamps.fbx
  artifactKey: Guid(b87e14348acae3449a86167ae5521ac4) Importer(815301076,1909f56bfc062723c751e8b465ee728b)
Start importing Assets/SampleScenes/Models/MiniRamps.fbx using Guid(b87e14348acae3449a86167ae5521ac4) Importer(815301076,1909f56bfc062723c751e8b465ee728b)  -> (artifact id: '0187a3be8451efe85725ba20aee14eb0') in 0.046296 seconds 
  Import took 0.048699 seconds .

========================================================================
Received Import Request.
  Time since last request: 0.000246 seconds.
  path: Assets/SampleScenes/Models/Platform.fbx
  artifactKey: Guid(41807bb6e4134a34aaf92fbad2e07bbc) Importer(815301076,1909f56bfc062723c751e8b465ee728b)
Start importing Assets/SampleScenes/Models/Platform.fbx using Guid(41807bb6e4134a34aaf92fbad2e07bbc) Importer(815301076,1909f56bfc062723c751e8b465ee728b)  -> (artifact id: '771f26f9f60fddc79aa77321efee9bb1') in 0.043795 seconds 
  Import took 0.047103 seconds .

========================================================================
Received Import Request.
  Time since last request: 0.000278 seconds.
  path: Assets/SampleScenes/Models/Pillar.fbx
  artifactKey: Guid(2f1a6a1aa4c4ac74096a01849d901a17) Importer(815301076,1909f56bfc062723c751e8b465ee728b)
Start importing Assets/SampleScenes/Models/Pillar.fbx using Guid(2f1a6a1aa4c4ac74096a01849d901a17) Importer(815301076,1909f56bfc062723c751e8b465ee728b)  -> (artifact id: 'ac3e75b410d3f2f3b15165ce55bfdb49') in 0.045895 seconds 
  Import took 0.048371 seconds .

========================================================================
Received Import Request.
  Time since last request: 0.000250 seconds.
  path: Assets/SampleScenes/Models/GroundObstacles.FBX
  artifactKey: Guid(f57127cfcc32ab9419af130b6a9211fb) Importer(815301076,1909f56bfc062723c751e8b465ee728b)
Start importing Assets/SampleScenes/Models/GroundObstacles.FBX using Guid(f57127cfcc32ab9419af130b6a9211fb) Importer(815301076,1909f56bfc062723c751e8b465ee728b)  -> (artifact id: 'cbfa448babcb20dacf694ff5e8bc91ab') in 0.061641 seconds 
  Import took 0.064144 seconds .

========================================================================
Received Import Request.
  Time since last request: 0.000207 seconds.
  path: Assets/SampleScenes/Menu/Sprites/LogoUnitySprite.png
  artifactKey: Guid(7d6d5225d5a2b40e3959b66d13b6e29c) Importer(815301076,1909f56bfc062723c751e8b465ee728b)
Start importing Assets/SampleScenes/Menu/Sprites/LogoUnitySprite.png using Guid(7d6d5225d5a2b40e3959b66d13b6e29c) Importer(815301076,1909f56bfc062723c751e8b465ee728b)  -> (artifact id: '114f3db8da740da46d5b1d49f96278ea') in 0.025394 seconds 
  Import took 0.028384 seconds .

========================================================================
Received Import Request.
  Time since last request: 0.000277 seconds.
  path: Assets/SampleScenes/Models/RampElevated.fbx
  artifactKey: Guid(18dd8d7cbc4bc6a49ba9d26e2994c5bf) Importer(815301076,1909f56bfc062723c751e8b465ee728b)
Start importing Assets/SampleScenes/Models/RampElevated.fbx using Guid(18dd8d7cbc4bc6a49ba9d26e2994c5bf) Importer(815301076,1909f56bfc062723c751e8b465ee728b)  -> (artifact id: '7f4cc5a0f4d279da40501ea960f960c9') in 0.047799 seconds 
  Import took 0.050586 seconds .

========================================================================
Received Import Request.
  Time since last request: 1.363445 seconds.
  path: Assets/SampleScenes/Navmesh/CarAI.asset
  artifactKey: Guid(552927ccf2fdad3428e89e5104d91912) Importer(815301076,1909f56bfc062723c751e8b465ee728b)
Start importing Assets/SampleScenes/Navmesh/CarAI.asset using Guid(552927ccf2fdad3428e89e5104d91912) Importer(815301076,1909f56bfc062723c751e8b465ee728b)  -> (artifact id: 'eb704f01dba29aefd27753baaad362d4') in 0.018559 seconds 
  Import took 0.022767 seconds .

========================================================================
Received Import Request.
  Time since last request: 1.047908 seconds.
  path: Assets/SampleScenes/Prefabs/Box.prefab
  artifactKey: Guid(d29ba28bd5caaed429838de8bac7be72) Importer(815301076,1909f56bfc062723c751e8b465ee728b)
Start importing Assets/SampleScenes/Prefabs/Box.prefab using Guid(d29ba28bd5caaed429838de8bac7be72) Importer(815301076,1909f56bfc062723c751e8b465ee728b)  -> (artifact id: '7dcfc081c548156e0940111a4fb8d6d5') in 0.022341 seconds 
  Import took 0.025458 seconds .

========================================================================
Received Import Request.
  Time since last request: 0.000269 seconds.
  path: Assets/SampleScenes/Prefabs/BoxSmall.prefab
  artifactKey: Guid(75c27bf47f501a74fa5723911612c226) Importer(815301076,1909f56bfc062723c751e8b465ee728b)
Start importing Assets/SampleScenes/Prefabs/BoxSmall.prefab using Guid(75c27bf47f501a74fa5723911612c226) Importer(815301076,1909f56bfc062723c751e8b465ee728b)  -> (artifact id: '20cc04962869f5a1d4e51b2681630627') in 0.015572 seconds 
  Import took 0.018815 seconds .

========================================================================
Received Import Request.
  Time since last request: 0.000319 seconds.
  path: Assets/SampleScenes/Prefabs/GoalPosts.prefab
  artifactKey: Guid(6df3f650b33fa604cb3f5923fa50d053) Importer(815301076,1909f56bfc062723c751e8b465ee728b)
Start importing Assets/SampleScenes/Prefabs/GoalPosts.prefab using Guid(6df3f650b33fa604cb3f5923fa50d053) Importer(815301076,1909f56bfc062723c751e8b465ee728b)  -> (artifact id: 'fe8c497ecc5aebf1dcf2131d7739452f') in 0.014255 seconds 
  Import took 0.016738 seconds .

========================================================================
Received Import Request.
  Time since last request: 0.000202 seconds.
  path: Assets/SampleScenes/Prefabs/CameraSwitchUI.prefab
  artifactKey: Guid(b3495d363d7ccba40bc3e92c1a184e28) Importer(815301076,1909f56bfc062723c751e8b465ee728b)
Start importing Assets/SampleScenes/Prefabs/CameraSwitchUI.prefab using Guid(b3495d363d7ccba40bc3e92c1a184e28) Importer(815301076,1909f56bfc062723c751e8b465ee728b)  -> (artifact id: '461a35df4bd69c64374ae0292610020f') in 0.016962 seconds 
  Import took 0.019256 seconds .

========================================================================
Received Import Request.
  Time since last request: 0.000244 seconds.
  path: Assets/SampleScenes/Prefabs/GroundTrack.prefab
  artifactKey: Guid(f7afdcb1eabdee54790f55f84e3e4ac8) Importer(815301076,1909f56bfc062723c751e8b465ee728b)
Start importing Assets/SampleScenes/Prefabs/GroundTrack.prefab using Guid(f7afdcb1eabdee54790f55f84e3e4ac8) Importer(815301076,1909f56bfc062723c751e8b465ee728b)  -> (artifact id: '5e888b498ff285964eaf3ed1a043b232') in 0.016035 seconds 
  Import took 0.018591 seconds .

========================================================================
Received Import Request.
  Time since last request: 0.000309 seconds.
  path: Assets/SampleScenes/Prefabs/Loop.prefab
  artifactKey: Guid(a2dd655bfef0f0849a2c33d8fb4a029c) Importer(815301076,1909f56bfc062723c751e8b465ee728b)
Start importing Assets/SampleScenes/Prefabs/Loop.prefab using Guid(a2dd655bfef0f0849a2c33d8fb4a029c) Importer(815301076,1909f56bfc062723c751e8b465ee728b)  -> (artifact id: 'b056d1f22e9880b163d9fc11fa1dd9ba') in 0.012418 seconds 
  Import took 0.014755 seconds .

========================================================================
Received Import Request.
  Time since last request: 0.000200 seconds.
  path: Assets/SampleScenes/Prefabs/Pillar.prefab
  artifactKey: Guid(d23a205aa0ed1234ba0a327f1232ff7e) Importer(815301076,1909f56bfc062723c751e8b465ee728b)
Start importing Assets/SampleScenes/Prefabs/Pillar.prefab using Guid(d23a205aa0ed1234ba0a327f1232ff7e) Importer(815301076,1909f56bfc062723c751e8b465ee728b)  -> (artifact id: '872656e2fcd63711b8a0f8a1dd6b544f') in 0.012667 seconds 
  Import took 0.015009 seconds .

========================================================================
Received Import Request.
  Time since last request: 0.000227 seconds.
  path: Assets/SampleScenes/Prefabs/SmashBoxes.prefab
  artifactKey: Guid(b592d2faa93e6ad46a6d520adf8f123e) Importer(815301076,1909f56bfc062723c751e8b465ee728b)
Start importing Assets/SampleScenes/Prefabs/SmashBoxes.prefab using Guid(b592d2faa93e6ad46a6d520adf8f123e) Importer(815301076,1909f56bfc062723c751e8b465ee728b)  -> (artifact id: '039bd5f037842ae3283b6d9331eeff05') in 0.044135 seconds 
  Import took 0.047220 seconds .

========================================================================
Received Import Request.
  Time since last request: 0.000288 seconds.
  path: Assets/SampleScenes/Prefabs/Wall.prefab
  artifactKey: Guid(fef5fcb209dce49409117a24775dfcb3) Importer(815301076,1909f56bfc062723c751e8b465ee728b)
Start importing Assets/SampleScenes/Prefabs/Wall.prefab using Guid(fef5fcb209dce49409117a24775dfcb3) Importer(815301076,1909f56bfc062723c751e8b465ee728b)  -> (artifact id: 'b0687a7aaa8003ee40ccad07e0d77564') in 0.022691 seconds 
  Import took 0.026743 seconds .

========================================================================
Received Import Request.
  Time since last request: 0.000632 seconds.
  path: Assets/SampleScenes/Prefabs/ResetterUI.prefab
  artifactKey: Guid(28e490010bed5ea47a8a69e81bdd0c1c) Importer(815301076,1909f56bfc062723c751e8b465ee728b)
Start importing Assets/SampleScenes/Prefabs/ResetterUI.prefab using Guid(28e490010bed5ea47a8a69e81bdd0c1c) Importer(815301076,1909f56bfc062723c751e8b465ee728b)  -> (artifact id: 'dc5d379cc023fb775fb5518e3d426f94') in 0.013945 seconds 
  Import took 0.016798 seconds .

========================================================================
Received Import Request.
  Time since last request: 0.000339 seconds.
  path: Assets/SampleScenes/Prefabs/MobileShaderReplacements.prefab
  artifactKey: Guid(76d89ae3180ce424ba0da8fc43e02035) Importer(815301076,1909f56bfc062723c751e8b465ee728b)
Start importing Assets/SampleScenes/Prefabs/MobileShaderReplacements.prefab using Guid(76d89ae3180ce424ba0da8fc43e02035) Importer(815301076,1909f56bfc062723c751e8b465ee728b)  -> (artifact id: 'a1a4654645a2f77355bb95b50c0eb8dc') in 0.013666 seconds 
  Import took 0.018289 seconds .

========================================================================
Received Import Request.
  Time since last request: 0.000349 seconds.
  path: Assets/SampleScenes/Prefabs/House.prefab
  artifactKey: Guid(cd3018213230a5c49a0e0f4609a10b9d) Importer(815301076,1909f56bfc062723c751e8b465ee728b)
Start importing Assets/SampleScenes/Prefabs/House.prefab using Guid(cd3018213230a5c49a0e0f4609a10b9d) Importer(815301076,1909f56bfc062723c751e8b465ee728b)  -> (artifact id: 'a9dcc301107da97d9c6a533984b7fb71') in 0.044208 seconds 
  Import took 0.047197 seconds .

========================================================================
Received Import Request.
  Time since last request: 0.000337 seconds.
  path: Assets/SampleScenes/Prefabs/LevelResetUI.prefab
  artifactKey: Guid(d2aaa8a2832d77144aa84d5d309ae2b3) Importer(815301076,1909f56bfc062723c751e8b465ee728b)
Start importing Assets/SampleScenes/Prefabs/LevelResetUI.prefab using Guid(d2aaa8a2832d77144aa84d5d309ae2b3) Importer(815301076,1909f56bfc062723c751e8b465ee728b)  -> (artifact id: '5a3b5e85398522d437ff5669fca7bbe7') in 0.025369 seconds 
  Import took 0.029532 seconds .

========================================================================
Received Import Request.
  Time since last request: 0.000314 seconds.
  path: Assets/SampleScenes/Prefabs/Ring.prefab
  artifactKey: Guid(e9aa4b7def958e54bad9089e96b5a063) Importer(815301076,1909f56bfc062723c751e8b465ee728b)
Start importing Assets/SampleScenes/Prefabs/Ring.prefab using Guid(e9aa4b7def958e54bad9089e96b5a063) Importer(815301076,1909f56bfc062723c751e8b465ee728b)  -> (artifact id: '45acc2dee0e72bd0b9a1d14670b6bded') in 0.019323 seconds 
  Import took 0.022639 seconds .

========================================================================
Received Import Request.
  Time since last request: 0.000348 seconds.
  path: Assets/SampleScenes/Prefabs/GroundArena.prefab
  artifactKey: Guid(2799e6cfaf283a84e883ca79ffce608e) Importer(815301076,1909f56bfc062723c751e8b465ee728b)
Start importing Assets/SampleScenes/Prefabs/GroundArena.prefab using Guid(2799e6cfaf283a84e883ca79ffce608e) Importer(815301076,1909f56bfc062723c751e8b465ee728b)  -> (artifact id: 'be0c7733ecd7828a8dfec1a63b020f1b') in 0.029188 seconds 
  Import took 0.032429 seconds .

========================================================================
Received Import Request.
  Time since last request: 0.000283 seconds.
  path: Assets/SampleScenes/Prefabs/BoxPile.prefab
  artifactKey: Guid(ff3366103894bec429eeaa9b86b595e6) Importer(815301076,1909f56bfc062723c751e8b465ee728b)
Start importing Assets/SampleScenes/Prefabs/BoxPile.prefab using Guid(ff3366103894bec429eeaa9b86b595e6) Importer(815301076,1909f56bfc062723c751e8b465ee728b)  -> (artifact id: '3e0e6ffca83eb29b30435fad1d79b4fa') in 0.024642 seconds 
  Import took 0.027814 seconds .

========================================================================
Received Import Request.
  Time since last request: 0.000425 seconds.
  path: Assets/SampleScenes/Prefabs/GroundObstacles.prefab
  artifactKey: Guid(95bbe2885334e3c46b79c3419edb469c) Importer(815301076,1909f56bfc062723c751e8b465ee728b)
Start importing Assets/SampleScenes/Prefabs/GroundObstacles.prefab using Guid(95bbe2885334e3c46b79c3419edb469c) Importer(815301076,1909f56bfc062723c751e8b465ee728b)  -> (artifact id: '04f0c53a949a7717dc5a7ad28356f0c5') in 0.027346 seconds 
  Import took 0.031265 seconds .

========================================================================
Received Import Request.
  Time since last request: 0.000359 seconds.
  path: Assets/SampleScenes/Prefabs/CameraSwitch.prefab
  artifactKey: Guid(fdc378243b95c2144aa66bfc382d1b75) Importer(815301076,1909f56bfc062723c751e8b465ee728b)
Start importing Assets/SampleScenes/Prefabs/CameraSwitch.prefab using Guid(fdc378243b95c2144aa66bfc382d1b75) Importer(815301076,1909f56bfc062723c751e8b465ee728b)  -> (artifact id: '2650393a3f0539dd82cd6eb78bbe6b89') in 0.018221 seconds 
  Import took 0.023152 seconds .

========================================================================
Received Import Request.
  Time since last request: 0.000393 seconds.
  path: Assets/SampleScenes/Prefabs/GroundRunway.prefab
  artifactKey: Guid(00690c0e075198740bd736a4731c7a90) Importer(815301076,1909f56bfc062723c751e8b465ee728b)
Start importing Assets/SampleScenes/Prefabs/GroundRunway.prefab using Guid(00690c0e075198740bd736a4731c7a90) Importer(815301076,1909f56bfc062723c751e8b465ee728b)  -> (artifact id: 'e33ca61d57be6bebc67fee42302cb37a') in 0.022687 seconds 
  Import took 0.026853 seconds .

========================================================================
Received Import Request.
  Time since last request: 0.000291 seconds.
  path: Assets/SampleScenes/Prefabs/Pickup.prefab
  artifactKey: Guid(2ed830309d1c9f640a65bf22d9060af1) Importer(815301076,1909f56bfc062723c751e8b465ee728b)
Start importing Assets/SampleScenes/Prefabs/Pickup.prefab using Guid(2ed830309d1c9f640a65bf22d9060af1) Importer(815301076,1909f56bfc062723c751e8b465ee728b)  -> (artifact id: '9dc19dfc2d2ccf405ced08cecabd7d1a') in 0.022846 seconds 
  Import took 0.026522 seconds .

========================================================================
Received Import Request.
  Time since last request: 0.000498 seconds.
  path: Assets/SampleScenes/Prefabs/Sea.prefab
  artifactKey: Guid(92718a1040bbb9a4ab571265d9087f2b) Importer(815301076,1909f56bfc062723c751e8b465ee728b)
Start importing Assets/SampleScenes/Prefabs/Sea.prefab using Guid(92718a1040bbb9a4ab571265d9087f2b) Importer(815301076,1909f56bfc062723c751e8b465ee728b)  -> (artifact id: '9141ed091a97b0f47292570d95e02a83') in 0.016155 seconds 
  Import took 0.019370 seconds .

========================================================================
Received Import Request.
  Time since last request: 399.439295 seconds.
  path: Packages/com.unity.ide.rider/package.json
  artifactKey: Guid(66c95bb3c74257f41bae2622511dc02d) Importer(815301076,1909f56bfc062723c751e8b465ee728b)
Start importing Packages/com.unity.ide.rider/package.json using Guid(66c95bb3c74257f41bae2622511dc02d) Importer(815301076,1909f56bfc062723c751e8b465ee728b)  -> (artifact id: 'ff96f7b61e94a0dc9b975679be81ead9') in 0.035896 seconds 
  Import took 0.040028 seconds .

========================================================================
Received Import Request.
  Time since last request: 14.938427 seconds.
  path: Assets/ChildrensWoodenToysFreeTrainsPack/Materials/TrainSet.mat
  artifactKey: Guid(0ea3356f3769e36488755f12cf4d4dce) Importer(815301076,1909f56bfc062723c751e8b465ee728b)
Start importing Assets/ChildrensWoodenToysFreeTrainsPack/Materials/TrainSet.mat using Guid(0ea3356f3769e36488755f12cf4d4dce) Importer(815301076,1909f56bfc062723c751e8b465ee728b)  -> (artifact id: '1f1c5b6fb3e6413c90f25201c26f07d0') in 0.090521 seconds 
  Import took 0.095976 seconds .

========================================================================
Received Import Request.
  Time since last request: 0.000324 seconds.
  path: Assets/ChildrensWoodenToysFreeTrainsPack/Materials/WoodenTrainSet_low_TrainSet_MetallicSmoothness.png
  artifactKey: Guid(5755eb3722cbbe14fa4e4b2d8a0aed5e) Importer(815301076,1909f56bfc062723c751e8b465ee728b)
Start importing Assets/ChildrensWoodenToysFreeTrainsPack/Materials/WoodenTrainSet_low_TrainSet_MetallicSmoothness.png using Guid(5755eb3722cbbe14fa4e4b2d8a0aed5e) Importer(815301076,1909f56bfc062723c751e8b465ee728b)  -> (artifact id: 'b61cc703fa66841f3096e95bdf2369b4') in 0.032862 seconds 
  Import took 0.036987 seconds .

========================================================================
Received Import Request.
  Time since last request: 0.000287 seconds.
  path: Assets/ChildrensWoodenToysFreeTrainsPack/Materials/WoodenTrainSet_low_TrainSet_AlbedoTransparency.png
  artifactKey: Guid(eaea3c1e42e429b438322bc5d561875a) Importer(815301076,1909f56bfc062723c751e8b465ee728b)
Start importing Assets/ChildrensWoodenToysFreeTrainsPack/Materials/WoodenTrainSet_low_TrainSet_AlbedoTransparency.png using Guid(eaea3c1e42e429b438322bc5d561875a) Importer(815301076,1909f56bfc062723c751e8b465ee728b)  -> (artifact id: '708fc88b9a9ebd5371d5689b35430a0e') in 0.023320 seconds 
  Import took 0.027375 seconds .

========================================================================
Received Import Request.
  Time since last request: 0.000455 seconds.
  path: Assets/ChildrensWoodenToysFreeTrainsPack/Materials/WoodenTrainSet_low_TrainSet_Normal.png
  artifactKey: Guid(01081b1a1bf1ff24786fc49b56543b11) Importer(815301076,1909f56bfc062723c751e8b465ee728b)
Start importing Assets/ChildrensWoodenToysFreeTrainsPack/Materials/WoodenTrainSet_low_TrainSet_Normal.png using Guid(01081b1a1bf1ff24786fc49b56543b11) Importer(815301076,1909f56bfc062723c751e8b465ee728b)  -> (artifact id: '003bcc2ab480bfd8eb764871f1216f90') in 0.029430 seconds 
  Import took 0.034385 seconds .

========================================================================
Received Import Request.
  Time since last request: 1.676025 seconds.
  path: Assets/ChildrensWoodenToysFreeTrainsPack/Mesh/WoodenTrainSetFree.fbx
  artifactKey: Guid(106bc0a42a2ffca41abbb6517d06b4fb) Importer(815301076,1909f56bfc062723c751e8b465ee728b)
Start importing Assets/ChildrensWoodenToysFreeTrainsPack/Mesh/WoodenTrainSetFree.fbx using Guid(106bc0a42a2ffca41abbb6517d06b4fb) Importer(815301076,1909f56bfc062723c751e8b465ee728b)  -> (artifact id: '2f0afbf5dff92c87ecb83e759fe7a85f') in 0.064527 seconds 
  Import took 0.067532 seconds .

========================================================================
Received Import Request.
  Time since last request: 1.202021 seconds.
  path: Assets/ChildrensWoodenToysFreeTrainsPack/Prefab/CompleteTrack1.prefab
  artifactKey: Guid(0590674e872c1d5449269541c1c26559) Importer(815301076,1909f56bfc062723c751e8b465ee728b)
Start importing Assets/ChildrensWoodenToysFreeTrainsPack/Prefab/CompleteTrack1.prefab using Guid(0590674e872c1d5449269541c1c26559) Importer(815301076,1909f56bfc062723c751e8b465ee728b)  -> (artifact id: '5503f6fc35d8621721bf068a8cf744f3') in 0.049187 seconds 
  Import took 0.054580 seconds .

========================================================================
Received Import Request.
  Time since last request: 0.000319 seconds.
  path: Assets/ChildrensWoodenToysFreeTrainsPack/Prefab/Curved_Track.prefab
  artifactKey: Guid(a8acbf1ea2b9e994794cf33d8ffc65ce) Importer(815301076,1909f56bfc062723c751e8b465ee728b)
Start importing Assets/ChildrensWoodenToysFreeTrainsPack/Prefab/Curved_Track.prefab using Guid(a8acbf1ea2b9e994794cf33d8ffc65ce) Importer(815301076,1909f56bfc062723c751e8b465ee728b)  -> (artifact id: 'db88fd4fb668094c0e7517e4368977f5') in 0.061477 seconds 
  Import took 0.071895 seconds .

========================================================================
Received Import Request.
  Time since last request: 0.000300 seconds.
  path: Assets/ChildrensWoodenToysFreeTrainsPack/Prefab/Cross_Track.prefab
  artifactKey: Guid(03ca017db2bc5d543a33311abf259941) Importer(815301076,1909f56bfc062723c751e8b465ee728b)
Start importing Assets/ChildrensWoodenToysFreeTrainsPack/Prefab/Cross_Track.prefab using Guid(03ca017db2bc5d543a33311abf259941) Importer(815301076,1909f56bfc062723c751e8b465ee728b)  -> (artifact id: 'bdafcae3cd6ceee1e207140615454935') in 0.055749 seconds 
  Import took 0.060495 seconds .

========================================================================
Received Import Request.
  Time since last request: 0.000295 seconds.
  path: Assets/ChildrensWoodenToysFreeTrainsPack/Prefab/Straight_Track.prefab
  artifactKey: Guid(d0b6efd7c4fc03f4e9ee35fb7b0ea457) Importer(815301076,1909f56bfc062723c751e8b465ee728b)
Start importing Assets/ChildrensWoodenToysFreeTrainsPack/Prefab/Straight_Track.prefab using Guid(d0b6efd7c4fc03f4e9ee35fb7b0ea457) Importer(815301076,1909f56bfc062723c751e8b465ee728b)  -> (artifact id: '5679888bbde0c7dfccdd5aaa65936669') in 0.044375 seconds 
  Import took 0.048748 seconds .

========================================================================
Received Import Request.
  Time since last request: 0.000296 seconds.
  path: Assets/ChildrensWoodenToysFreeTrainsPack/Prefab/Train_Complete.prefab
  artifactKey: Guid(0600ffe9e227b4f45a67dd5d1ddc6d47) Importer(815301076,1909f56bfc062723c751e8b465ee728b)
Start importing Assets/ChildrensWoodenToysFreeTrainsPack/Prefab/Train_Complete.prefab using Guid(0600ffe9e227b4f45a67dd5d1ddc6d47) Importer(815301076,1909f56bfc062723c751e8b465ee728b)  -> (artifact id: '099057614d8c3fa974b5ea13a00e2214') in 0.048769 seconds 
  Import took 0.053797 seconds .

========================================================================
Received Import Request.
  Time since last request: 263.207984 seconds.
  path: Assets/HurlyBurly/FREE_LowPoly_SubwayEntrance/Textures
  artifactKey: Guid(925bebcf253144e78a986e9a22dde163) Importer(815301076,1909f56bfc062723c751e8b465ee728b)
Start importing Assets/HurlyBurly/FREE_LowPoly_SubwayEntrance/Textures using Guid(925bebcf253144e78a986e9a22dde163) Importer(815301076,1909f56bfc062723c751e8b465ee728b)  -> (artifact id: '3661ca785d5523c92f13c5a6ee0e76c6') in 0.003561 seconds 
  Import took 0.007902 seconds .

AssetImportWorkerClient::OnTransportError - code=2 error=End of file
