Using pre-set license
Built from '2020.3/staging' branch; Version is '2020.3.29f1 (2ff179115da0) revision 3142009'; Using compiler version '192528614'; Build Type 'Release'
OS: 'Windows 11  (10.0.22000) 64bit Core' Language: 'en' Physical Memory: 16271 MB
BatchMode: 1, IsHumanControllingUs: 0, StartBugReporterOnCrash: 0, Is64bit: 1, IsPro: 0

COMMAND LINE ARGUMENTS:
C:\Program Files\GitHub\2020.3.29f1\Editor\Unity.exe
-adb2
-batchMode
-noUpm
-name
AssetImportWorker0
-projectPath
C:/Users/Bryan/UNITY/liminalSpaces/liminal_Spaces/Myproject
-logFile
Logs/AssetImportWorker0.log
-srvPort
58459
Successfully changed project path to: C:/Users/Bryan/UNITY/liminalSpaces/liminal_Spaces/Myproject
C:/Users/Bryan/UNITY/liminalSpaces/liminal_Spaces/Myproject
Using Asset Import Pipeline V2.
Refreshing native plugins compatible for Editor in 74.92 ms, found 2 plugins.
Preloading 0 native plugins for Editor in 0.00 ms.
Initialize engine version: 2020.3.29f1 (2ff179115da0)
[Subsystems] Discovering subsystems at path C:/Program Files/GitHub/2020.3.29f1/Editor/Data/Resources/UnitySubsystems
[Subsystems] Discovering subsystems at path C:/Users/Bryan/UNITY/liminalSpaces/liminal_Spaces/Myproject/Assets
GfxDevice: creating device client; threaded=0
Direct3D:
    Version:  Direct3D 11.0 [level 11.1]
    Renderer: NVIDIA GeForce MX250 (ID=0x1d13)
    Vendor:   
    VRAM:     4027 MB
    Driver:   30.0.14.7247
Initialize mono
Mono path[0] = 'C:/Program Files/GitHub/2020.3.29f1/Editor/Data/Managed'
Mono path[1] = 'C:/Program Files/GitHub/2020.3.29f1/Editor/Data/MonoBleedingEdge/lib/mono/unityjit'
Mono config path = 'C:/Program Files/GitHub/2020.3.29f1/Editor/Data/MonoBleedingEdge/etc'
Using monoOptions --debugger-agent=transport=dt_socket,embedding=1,server=y,suspend=n,address=127.0.0.1:56740
Begin MonoManager ReloadAssembly
Registering precompiled unity dll's ...
Register platform support module: C:/Program Files/GitHub/2020.3.29f1/Editor/Data/PlaybackEngines/WindowsStandaloneSupport/UnityEditor.WindowsStandalone.Extensions.dll
Registered in 0.001407 seconds.
Native extension for WindowsStandalone target not found
Refreshing native plugins compatible for Editor in 65.28 ms, found 2 plugins.
Preloading 0 native plugins for Editor in 0.00 ms.
Mono: successfully reloaded assembly
- Completed reload, in  0.681 seconds
Domain Reload Profiling:
	ReloadAssembly (681ms)
		BeginReloadAssembly (75ms)
			ExecutionOrderSort (0ms)
			DisableScriptedObjects (0ms)
			BackupInstance (0ms)
			ReleaseScriptingObjects (0ms)
			CreateAndSetChildDomain (1ms)
		EndReloadAssembly (529ms)
			LoadAssemblies (73ms)
			RebuildTransferFunctionScriptingTraits (0ms)
			SetupTypeCache (149ms)
			ReleaseScriptCaches (0ms)
			RebuildScriptCaches (31ms)
			SetupLoadedEditorAssemblies (242ms)
				LogAssemblyErrors (0ms)
				InitializePlatformSupportModulesInManaged (4ms)
				SetLoadedEditorAssemblies (0ms)
				RefreshPlugins (65ms)
				BeforeProcessingInitializeOnLoad (29ms)
				ProcessInitializeOnLoadAttributes (112ms)
				ProcessInitializeOnLoadMethodAttributes (31ms)
				AfterProcessingInitializeOnLoad (0ms)
				EditorAssembliesLoaded (0ms)
			ExecutionOrderSort2 (0ms)
			AwakeInstancesAfterBackupRestoration (0ms)
Platform modules already initialized, skipping
Registering precompiled user dll's ...
Registered in 0.003260 seconds.
Begin MonoManager ReloadAssembly
Native extension for WindowsStandalone target not found
Refreshing native plugins compatible for Editor in 0.58 ms, found 2 plugins.
Preloading 0 native plugins for Editor in 0.00 ms.
Mono: successfully reloaded assembly
- Completed reload, in  1.173 seconds
Domain Reload Profiling:
	ReloadAssembly (1174ms)
		BeginReloadAssembly (148ms)
			ExecutionOrderSort (0ms)
			DisableScriptedObjects (4ms)
			BackupInstance (0ms)
			ReleaseScriptingObjects (0ms)
			CreateAndSetChildDomain (19ms)
		EndReloadAssembly (949ms)
			LoadAssemblies (102ms)
			RebuildTransferFunctionScriptingTraits (0ms)
			SetupTypeCache (311ms)
			ReleaseScriptCaches (0ms)
			RebuildScriptCaches (47ms)
			SetupLoadedEditorAssemblies (398ms)
				LogAssemblyErrors (0ms)
				InitializePlatformSupportModulesInManaged (4ms)
				SetLoadedEditorAssemblies (1ms)
				RefreshPlugins (1ms)
				BeforeProcessingInitializeOnLoad (122ms)
				ProcessInitializeOnLoadAttributes (256ms)
				ProcessInitializeOnLoadMethodAttributes (10ms)
				AfterProcessingInitializeOnLoad (6ms)
				EditorAssembliesLoaded (0ms)
			ExecutionOrderSort2 (0ms)
			AwakeInstancesAfterBackupRestoration (7ms)
Platform modules already initialized, skipping
========================================================================
Worker process is ready to serve import requests
Launched and connected shader compiler UnityShaderCompiler.exe after 0.08 seconds
Refreshing native plugins compatible for Editor in 0.53 ms, found 2 plugins.
Preloading 0 native plugins for Editor in 0.00 ms.
Unloading 1993 Unused Serialized files (Serialized files now loaded: 0)
System memory in use before: 97.0 MB.
System memory in use after: 96.7 MB.

Unloading 18 unused Assets to reduce memory usage. Loaded Objects now: 2436.
Total: 3.701400 ms (FindLiveObjects: 0.176800 ms CreateObjectMapping: 0.073600 ms MarkObjects: 3.096000 ms  DeleteObjects: 0.353700 ms)

AssetImportParameters requested are different than current active one (requested -> active):
  custom:framework-win-MediaFoundation: 216162199b28c13a410421893ffa2e32 -> 
  custom:video-decoder-ogg-theora: a1e56fd34408186e4bbccfd4996cb3dc -> 
  custom:container-muxer-webm: aa71ff27fc2769a1b78a27578f13a17b -> 
  custom:container-demuxer-webm: 4f35f7cbe854078d1ac9338744f61a02 -> 
  custom:container-demuxer-ogg: 62fdf1f143b41e24485cea50d1cbac27 -> 
  custom:video-encoder-webm-vp8: eb34c28f22e8b96e1ab97ce403110664 -> 
  custom:video-decoder-webm-vp8: 9c59270c3fd7afecdb556c50c9e8de78 -> 
  custom:audio-decoder-ogg-vorbis: bf7c407c2cedff20999df2af8eb42d56 -> 
  custom:audio-encoder-webm-vorbis: bf7c407c2cedff20999df2af8eb42d56 -> 
========================================================================
Received Import Request.
  path: Assets/Train/Materials/New Material.mat
  artifactKey: Guid(c83a54528a67d3b448d1aa8fc36c4cae) Importer(815301076,1909f56bfc062723c751e8b465ee728b)
Start importing Assets/Train/Materials/New Material.mat using Guid(c83a54528a67d3b448d1aa8fc36c4cae) Importer(815301076,1909f56bfc062723c751e8b465ee728b)  -> (artifact id: 'fa8022cc5b1d30d780d80be12dc73985') in 0.366703 seconds 
  Import took 0.372769 seconds .

========================================================================
Received Prepare
Registering precompiled user dll's ...
Registered in 0.003908 seconds.
Begin MonoManager ReloadAssembly
Native extension for WindowsStandalone target not found
Refreshing native plugins compatible for Editor in 0.52 ms, found 2 plugins.
Preloading 0 native plugins for Editor in 0.00 ms.
Mono: successfully reloaded assembly
- Completed reload, in  1.110 seconds
Domain Reload Profiling:
	ReloadAssembly (1110ms)
		BeginReloadAssembly (156ms)
			ExecutionOrderSort (0ms)
			DisableScriptedObjects (4ms)
			BackupInstance (0ms)
			ReleaseScriptingObjects (0ms)
			CreateAndSetChildDomain (48ms)
		EndReloadAssembly (893ms)
			LoadAssemblies (93ms)
			RebuildTransferFunctionScriptingTraits (0ms)
			SetupTypeCache (300ms)
			ReleaseScriptCaches (1ms)
			RebuildScriptCaches (40ms)
			SetupLoadedEditorAssemblies (353ms)
				LogAssemblyErrors (0ms)
				InitializePlatformSupportModulesInManaged (4ms)
				SetLoadedEditorAssemblies (0ms)
				RefreshPlugins (1ms)
				BeforeProcessingInitializeOnLoad (83ms)
				ProcessInitializeOnLoadAttributes (249ms)
				ProcessInitializeOnLoadMethodAttributes (10ms)
				AfterProcessingInitializeOnLoad (6ms)
				EditorAssembliesLoaded (0ms)
			ExecutionOrderSort2 (0ms)
			AwakeInstancesAfterBackupRestoration (14ms)
Platform modules already initialized, skipping
Refreshing native plugins compatible for Editor in 0.78 ms, found 2 plugins.
Preloading 0 native plugins for Editor in 0.00 ms.
Unloading 1945 Unused Serialized files (Serialized files now loaded: 0)
System memory in use before: 95.9 MB.
System memory in use after: 95.7 MB.

Unloading 13 unused Assets to reduce memory usage. Loaded Objects now: 2478.
Total: 5.475400 ms (FindLiveObjects: 0.260000 ms CreateObjectMapping: 0.119700 ms MarkObjects: 4.601700 ms  DeleteObjects: 0.492800 ms)

AssetImportParameters requested are different than current active one (requested -> active):
  custom:framework-win-MediaFoundation: 216162199b28c13a410421893ffa2e32 -> 
  custom:video-decoder-ogg-theora: a1e56fd34408186e4bbccfd4996cb3dc -> 
  custom:container-muxer-webm: aa71ff27fc2769a1b78a27578f13a17b -> 
  custom:container-demuxer-webm: 4f35f7cbe854078d1ac9338744f61a02 -> 
  custom:container-demuxer-ogg: 62fdf1f143b41e24485cea50d1cbac27 -> 
  custom:video-encoder-webm-vp8: eb34c28f22e8b96e1ab97ce403110664 -> 
  custom:video-decoder-webm-vp8: 9c59270c3fd7afecdb556c50c9e8de78 -> 
  custom:audio-decoder-ogg-vorbis: bf7c407c2cedff20999df2af8eb42d56 -> 
  custom:audio-encoder-webm-vorbis: bf7c407c2cedff20999df2af8eb42d56 -> 
========================================================================
Received Import Request.
  Time since last request: 328.699558 seconds.
  path: Assets/Train/Materials/New Material.mat
  artifactKey: Guid(c83a54528a67d3b448d1aa8fc36c4cae) Importer(815301076,1909f56bfc062723c751e8b465ee728b)
Start importing Assets/Train/Materials/New Material.mat using Guid(c83a54528a67d3b448d1aa8fc36c4cae) Importer(815301076,1909f56bfc062723c751e8b465ee728b)  -> (artifact id: '5990261c091452d011a351c6d7a296ba') in 0.147434 seconds 
  Import took 0.153731 seconds .

========================================================================
Received Import Request.
  Time since last request: 21.871892 seconds.
  path: Assets/Train/Materials/WaterPieer.mat
  artifactKey: Guid(c83a54528a67d3b448d1aa8fc36c4cae) Importer(815301076,1909f56bfc062723c751e8b465ee728b)
Start importing Assets/Train/Materials/WaterPieer.mat using Guid(c83a54528a67d3b448d1aa8fc36c4cae) Importer(815301076,1909f56bfc062723c751e8b465ee728b)  -> (artifact id: 'eb8159bc6e3efcd94680903ce00064a8') in 0.025525 seconds 
  Import took 0.030153 seconds .

========================================================================
Received Import Request.
  Time since last request: 805.605169 seconds.
  path: Assets/Train/Materials/WaterPieer.mat
  artifactKey: Guid(c83a54528a67d3b448d1aa8fc36c4cae) Importer(815301076,1909f56bfc062723c751e8b465ee728b)
Start importing Assets/Train/Materials/WaterPieer.mat using Guid(c83a54528a67d3b448d1aa8fc36c4cae) Importer(815301076,1909f56bfc062723c751e8b465ee728b)  -> (artifact id: '571340782ddfb4a822b76f4680aa053c') in 0.862637 seconds 
  Import took 0.866265 seconds .

========================================================================
Received Import Request.
  Time since last request: 1.499098 seconds.
  path: Assets/Pier-House 3/PH3.unity
  artifactKey: Guid(afe7d9f69ffe2f344997d34df168cac1) Importer(815301076,1909f56bfc062723c751e8b465ee728b)
Start importing Assets/Pier-House 3/PH3.unity using Guid(afe7d9f69ffe2f344997d34df168cac1) Importer(815301076,1909f56bfc062723c751e8b465ee728b)  -> (artifact id: 'bafbec4ad00f3374d218df3eba56fa9e') in 0.007459 seconds 
  Import took 0.010802 seconds .

========================================================================
Received Import Request.
  Time since last request: 0.091552 seconds.
  path: Assets/Pier-House 3/Tex/boat/Materials
  artifactKey: Guid(2851ecaba1c1b6848b4334ab1c7f2f99) Importer(815301076,1909f56bfc062723c751e8b465ee728b)
Start importing Assets/Pier-House 3/Tex/boat/Materials using Guid(2851ecaba1c1b6848b4334ab1c7f2f99) Importer(815301076,1909f56bfc062723c751e8b465ee728b)  -> (artifact id: '4b88dba147020488d27a4b4727fa1aec') in 0.011690 seconds 
  Import took 0.017273 seconds .

========================================================================
Received Import Request.
  Time since last request: 0.927906 seconds.
  path: Assets/Pier-House 3/Tex/boat/Materials/Motor.mat
  artifactKey: Guid(87eb67316b29caa4cb00aa9399c640c7) Importer(815301076,1909f56bfc062723c751e8b465ee728b)
Start importing Assets/Pier-House 3/Tex/boat/Materials/Motor.mat using Guid(87eb67316b29caa4cb00aa9399c640c7) Importer(815301076,1909f56bfc062723c751e8b465ee728b)  -> (artifact id: 'f4e25a2f2e744666ace5c195c850fc03') in 0.097631 seconds 
  Import took 0.100995 seconds .

========================================================================
Received Import Request.
  Time since last request: 3.008277 seconds.
  path: Assets/Pier-House 3/Tex/Materials/Roof.mat
  artifactKey: Guid(8bd279e27316daa429dec1c41f63f034) Importer(815301076,1909f56bfc062723c751e8b465ee728b)
Start importing Assets/Pier-House 3/Tex/Materials/Roof.mat using Guid(8bd279e27316daa429dec1c41f63f034) Importer(815301076,1909f56bfc062723c751e8b465ee728b)  -> (artifact id: 'e539858b4b955c270dade1afef86ac0f') in 0.863652 seconds 
  Import took 0.866885 seconds .

========================================================================
Received Import Request.
  Time since last request: 0.502616 seconds.
  path: Assets/Pier-House 3/Tex/Materials/Plnak.mat
  artifactKey: Guid(0c5ef745045e050449b3b1f1d0ed672a) Importer(815301076,1909f56bfc062723c751e8b465ee728b)
Start importing Assets/Pier-House 3/Tex/Materials/Plnak.mat using Guid(0c5ef745045e050449b3b1f1d0ed672a) Importer(815301076,1909f56bfc062723c751e8b465ee728b)  -> (artifact id: 'fac6b42424f29a97bd7f59bdd52ebf43') in 0.852954 seconds 
  Import took 0.855975 seconds .

========================================================================
Received Import Request.
  Time since last request: 2.053188 seconds.
  path: Assets/Pier-House 3/Tex/Materials/wood_Hard.mat
  artifactKey: Guid(7e6197266d8f25342a85ed91c3034b72) Importer(815301076,1909f56bfc062723c751e8b465ee728b)
Start importing Assets/Pier-House 3/Tex/Materials/wood_Hard.mat using Guid(7e6197266d8f25342a85ed91c3034b72) Importer(815301076,1909f56bfc062723c751e8b465ee728b)  -> (artifact id: 'b42deb191c53162d0767cae9878ee67d') in 0.592508 seconds 
  Import took 0.621985 seconds .

========================================================================
Received Import Request.
  Time since last request: 14.292353 seconds.
  path: Assets/Pier-House 3/Tex/Materials/Support.mat
  artifactKey: Guid(e4fd11c079ba853448e7381063b55255) Importer(815301076,1909f56bfc062723c751e8b465ee728b)
Start importing Assets/Pier-House 3/Tex/Materials/Support.mat using Guid(e4fd11c079ba853448e7381063b55255) Importer(815301076,1909f56bfc062723c751e8b465ee728b)  -> (artifact id: 'ed46f10c04e3bfb3af4d95527b39f938') in 0.083099 seconds 
  Import took 0.086997 seconds .

========================================================================
Received Import Request.
  Time since last request: 1.236736 seconds.
  path: Assets/Pier-House 3
  artifactKey: Guid(7df63c2014a4edf489aae16df0494f5d) Importer(815301076,1909f56bfc062723c751e8b465ee728b)
Start importing Assets/Pier-House 3 using Guid(7df63c2014a4edf489aae16df0494f5d) Importer(815301076,1909f56bfc062723c751e8b465ee728b)  -> (artifact id: '6f23d0caeb7c9a6f1678312243ece97a') in 0.005207 seconds 
  Import took 0.008217 seconds .

========================================================================
Received Import Request.
  Time since last request: 0.514651 seconds.
  path: Assets/Pier-House 3/Tex/Materials
  artifactKey: Guid(553778b607862014eab295a2dc26b146) Importer(815301076,1909f56bfc062723c751e8b465ee728b)
Start importing Assets/Pier-House 3/Tex/Materials using Guid(553778b607862014eab295a2dc26b146) Importer(815301076,1909f56bfc062723c751e8b465ee728b)  -> (artifact id: 'c698152f93dd76baa28e6df90dc83ab3') in 0.004410 seconds 
  Import took 0.007206 seconds .

========================================================================
Received Import Request.
  Time since last request: 0.214622 seconds.
  path: Assets/scene.unity
  artifactKey: Guid(f5e4eeb04680f2a44967f07d35f77eac) Importer(815301076,1909f56bfc062723c751e8b465ee728b)
Start importing Assets/scene.unity using Guid(f5e4eeb04680f2a44967f07d35f77eac) Importer(815301076,1909f56bfc062723c751e8b465ee728b)  -> (artifact id: '8404b1ba51707a7cf0c7c02c888d1a88') in 0.005787 seconds 
  Import took 0.008718 seconds .

========================================================================
Received Import Request.
  Time since last request: 2.056935 seconds.
  path: Assets/Pier-House 3/Tex/boat/Materials/Boat.mat
  artifactKey: Guid(a3bda97ae5171da4ab631496f874a206) Importer(815301076,1909f56bfc062723c751e8b465ee728b)
Start importing Assets/Pier-House 3/Tex/boat/Materials/Boat.mat using Guid(a3bda97ae5171da4ab631496f874a206) Importer(815301076,1909f56bfc062723c751e8b465ee728b)  -> (artifact id: '32b069fa707752f44cb8a00263b772af') in 0.096282 seconds 
  Import took 0.099592 seconds .

========================================================================
Received Import Request.
  Time since last request: 0.193818 seconds.
  path: Assets/Pier-House 3/Tex/boat/Materials/Fan.mat
  artifactKey: Guid(b4a3d694702dd9941b758ce1f0556ce8) Importer(815301076,1909f56bfc062723c751e8b465ee728b)
Start importing Assets/Pier-House 3/Tex/boat/Materials/Fan.mat using Guid(b4a3d694702dd9941b758ce1f0556ce8) Importer(815301076,1909f56bfc062723c751e8b465ee728b)  -> (artifact id: '24ace11a3f0e2c2c292cb71a7e72dd95') in 0.013988 seconds 
  Import took 0.016996 seconds .

========================================================================
Received Import Request.
  Time since last request: 2.652125 seconds.
  path: Assets/Pier-House 3/Tex/Materials/Interior_wall_wood.mat
  artifactKey: Guid(5f52f5f77cd0ad24b99a114d6f4e3b8b) Importer(815301076,1909f56bfc062723c751e8b465ee728b)
Start importing Assets/Pier-House 3/Tex/Materials/Interior_wall_wood.mat using Guid(5f52f5f77cd0ad24b99a114d6f4e3b8b) Importer(815301076,1909f56bfc062723c751e8b465ee728b)  -> (artifact id: 'e588c735f3fa0b0da7b93e4ebf55b726') in 0.101975 seconds 
  Import took 0.104924 seconds .

========================================================================
Received Import Request.
  Time since last request: 1.568301 seconds.
  path: Assets/Pier-House 3/Tex/Materials/Main_wooden_support.mat
  artifactKey: Guid(0cccfc5630edb5a4dbbbfd0964d8652b) Importer(815301076,1909f56bfc062723c751e8b465ee728b)
Start importing Assets/Pier-House 3/Tex/Materials/Main_wooden_support.mat using Guid(0cccfc5630edb5a4dbbbfd0964d8652b) Importer(815301076,1909f56bfc062723c751e8b465ee728b)  -> (artifact id: 'deab9e359f00906bd88ef651cf1c2daa') in 0.141388 seconds 
  Import took 0.145695 seconds .

========================================================================
Received Import Request.
  Time since last request: 2.743362 seconds.
  path: Assets/Pier-House 3/Tex/Materials/Door.mat
  artifactKey: Guid(4ce59f0fbcbe4d146a42ea466320c29f) Importer(815301076,1909f56bfc062723c751e8b465ee728b)
Start importing Assets/Pier-House 3/Tex/Materials/Door.mat using Guid(4ce59f0fbcbe4d146a42ea466320c29f) Importer(815301076,1909f56bfc062723c751e8b465ee728b)  -> (artifact id: '0b04cb05fb0022fa244e0558bd641b7b') in 0.115056 seconds 
  Import took 0.118682 seconds .

========================================================================
Received Import Request.
  Time since last request: 4.046597 seconds.
  path: Assets/Pier-House 3/Tex
  artifactKey: Guid(5ab21f31795ecfb40872fa4d5749b80f) Importer(815301076,1909f56bfc062723c751e8b465ee728b)
Start importing Assets/Pier-House 3/Tex using Guid(5ab21f31795ecfb40872fa4d5749b80f) Importer(815301076,1909f56bfc062723c751e8b465ee728b)  -> (artifact id: 'f706e9f74137a9a37a8f564b084ab886') in 0.005072 seconds 
  Import took 0.019738 seconds .

========================================================================
Received Import Request.
  Time since last request: 2.446381 seconds.
  path: Assets/Pier-House 3/Tex/Materials/Wall_Wood.mat
  artifactKey: Guid(d24df4915a416684082ec3ee690dfea9) Importer(815301076,1909f56bfc062723c751e8b465ee728b)
Start importing Assets/Pier-House 3/Tex/Materials/Wall_Wood.mat using Guid(d24df4915a416684082ec3ee690dfea9) Importer(815301076,1909f56bfc062723c751e8b465ee728b)  -> (artifact id: '765991bef2ff496402fafedffe48308d') in 0.124984 seconds 
  Import took 0.129251 seconds .

AssetImportWorkerClient::OnTransportError - code=2 error=End of file
